[+] Containers:
 |- [+] Container: /Game/FirstPerson/Maps/FirstPersonMap
 |   |- [+] ActorDescs:
 |   |   |- Guid:073077474687114120BA71AE164BC09F BaseClass: NativeClass:/Script/Engine.BlockingVolume Name:BlockingVolume_UAID_18C04D8A9816C2B401_1777169387 Label:BlockingVolume SpatiallyLoaded:1 Bounds:IsValid=true, Min=(X=340.000 Y=920.000 Z=220.000), Max=(X=360.000 Y=940.000 Z=250.000) RuntimeGrid:None EditorOnly:0 RuntimeOnly:0 HLODRelevant:0 ListedInSceneOutliner:1 IsMainWorldOnly:0
 |   |   |- Guid:101D929442F2B5BC04AF53924D78D28F BaseClass: NativeClass:/Script/Engine.StaticMeshActor Name:StaticMeshActor_UAID_18C04D8A981673B401_1394655516 Label:Donut SpatiallyLoaded:1 Bounds:IsValid=true, Min=(X=336.019 Y=1026.013 Z=220.000), Max=(X=363.981 Y=1053.987 Z=230.000) RuntimeGrid:None EditorOnly:0 RuntimeOnly:0 HLODRelevant:0 ListedInSceneOutliner:1 IsMainWorldOnly:0 FolderPath:Playground FolderGuid:6C02BB504B69D1F3D7A624B130C18E5B
 |   |   |- Guid:13595E4D4443905B6E6B26871A4A3108 BaseClass: NativeClass:/Script/Engine.StaticMeshActor Name:StaticMeshActor_UAID_18C04D8A981672B401_1874914333 Label:Donut's Pedestal SpatiallyLoaded:1 Bounds:IsValid=true, Min=(X=328.020 Y=1015.524 Z=130.000), Max=(X=371.980 Y=1064.476 Z=218.992) RuntimeGrid:None EditorOnly:0 RuntimeOnly:0 HLODRelevant:1 ListedInSceneOutliner:1 IsMainWorldOnly:0 FolderPath:Playground FolderGuid:6C02BB504B69D1F3D7A624B130C18E5B
 |   |   |- Guid:19D0089348CF19D44E927D825500DD63 BaseClass: NativeClass:/Script/Engine.BlockingVolume Name:BlockingVolume_UAID_18C04D8A9816C2B401_1781480389 Label:BlockingVolume SpatiallyLoaded:1 Bounds:IsValid=true, Min=(X=-40695.648 Y=-195194.266 Z=-698215.875), Max=(X=191656.859 Y=187903.438 Z=250.000) RuntimeGrid:None EditorOnly:0 RuntimeOnly:0 HLODRelevant:0 ListedInSceneOutliner:1 IsMainWorldOnly:0
 |   |   |- Guid:2325279E4847FF375B721C933E682D3A BaseClass: NativeClass:/Script/Engine.BlockingVolume Name:BlockingVolume_UAID_18C04D8A9816C2B401_1782917390 Label:BlockingVolume SpatiallyLoaded:1 Bounds:IsValid=true, Min=(X=-187004.047 Y=-188730.203 Z=-679760.000), Max=(X=189650.250 Y=187903.438 Z=250.000) RuntimeGrid:None EditorOnly:0 RuntimeOnly:0 HLODRelevant:0 ListedInSceneOutliner:1 IsMainWorldOnly:0
 |   |   |- Guid:24B15F4940980C899583A894EBD49558 BaseClass: NativeClass:/Script/Engine.BlockingVolume Name:BlockingVolume_UAID_18C04D8A9816C2B401_1823827392 Label:BlockingVolume SpatiallyLoaded:1 Bounds:IsValid=true, Min=(X=339.954 Y=652.981 Z=220.962), Max=(X=355.031 Y=670.016 Z=239.031) RuntimeGrid:None EditorOnly:0 RuntimeOnly:0 HLODRelevant:0 ListedInSceneOutliner:1 IsMainWorldOnly:0
 |   |   |- Guid:255AC34240C4E76644452FA61E8455D3 BaseClass: NativeClass:/Script/Engine.StaticMeshActor Name:StaticMeshActor_UAID_18C04D8A981672B401_1847022332 Label:Pedestal For Donut SpatiallyLoaded:1 Bounds:IsValid=true, Min=(X=-281.980 Y=635.524 Z=130.000), Max=(X=-238.020 Y=684.476 Z=218.992) RuntimeGrid:None EditorOnly:0 RuntimeOnly:0 HLODRelevant:1 ListedInSceneOutliner:1 IsMainWorldOnly:0 FolderPath:Playground FolderGuid:6C02BB504B69D1F3D7A624B130C18E5B
 |   |   |- Guid:26FB7205414840D1778C4D95C855DD3F BaseClass: NativeClass:/Script/Engine.BlockingVolume Name:BlockingVolume_UAID_18C04D8A9816C2B401_1830831393 Label:BlockingVolume SpatiallyLoaded:1 Bounds:IsValid=true, Min=(X=339.953 Y=1030.000 Z=220.000), Max=(X=360.000 Y=1050.062 Z=230.000) RuntimeGrid:None EditorOnly:0 RuntimeOnly:0 HLODRelevant:0 ListedInSceneOutliner:1 IsMainWorldOnly:0
 |   |   |- Guid:327997BE451141169D7447A3753854BE BaseClass: NativeClass:/Script/Engine.StaticMeshActor Name:StaticMeshActor_UAID_18C04D8A981672B401_1893173336 Label:Sphere's Pedestal SpatiallyLoaded:1 Bounds:IsValid=true, Min=(X=328.020 Y=635.524 Z=130.000), Max=(X=371.980 Y=684.476 Z=218.992) RuntimeGrid:None EditorOnly:0 RuntimeOnly:0 HLODRelevant:1 ListedInSceneOutliner:1 IsMainWorldOnly:0 FolderPath:Playground FolderGuid:6C02BB504B69D1F3D7A624B130C18E5B
 |   |   |- Guid:58899A23413D047707219DBFCED79259 BaseClass: NativeClass:/Script/Engine.BlockingVolume Name:BlockingVolume_UAID_18C04D8A9816C2B401_1818442391 Label:BlockingVolume SpatiallyLoaded:1 Bounds:IsValid=true, Min=(X=340.000 Y=772.375 Z=220.938), Max=(X=350.000 Y=785.625 Z=237.500) RuntimeGrid:None EditorOnly:0 RuntimeOnly:0 HLODRelevant:0 ListedInSceneOutliner:1 IsMainWorldOnly:0
 |   |   |- Guid:5B19A09F4BD63784C4BB31B184556A0D BaseClass: NativeClass:/Script/Engine.BlockingVolume Name:BlockingVolume_UAID_18C04D8A9816C2B401_1773459385 Label:BlockingVolume SpatiallyLoaded:1 Bounds:IsValid=true, Min=(X=-187004.047 Y=-188730.203 Z=-679760.000), Max=(X=189650.250 Y=187903.438 Z=250.000) RuntimeGrid:None EditorOnly:0 RuntimeOnly:0 HLODRelevant:0 ListedInSceneOutliner:1 IsMainWorldOnly:0
 |   |   |- Guid:5FE7584649BB6F09265329A6C57CFD0D BaseClass: NativeClass:/Script/Engine.VolumetricCloud Name:VolumetricCloud_0 Label:VolumetricCloud SpatiallyLoaded:0 Bounds:IsValid=true, Min=(X=0.000 Y=0.000 Z=820.000), Max=(X=0.000 Y=0.000 Z=820.000) RuntimeGrid:None EditorOnly:0 RuntimeOnly:0 HLODRelevant:0 ListedInSceneOutliner:1 IsMainWorldOnly:0 FolderPath:Lighting FolderGuid:0BA5F0A04EADB18E70D5B180D08FA34B
 |   |   |- Guid:61391D344900612A77DFC3BA3E354907 BaseClass: NativeClass:/Script/Engine.ExponentialHeightFog Name:ExponentialHeightFog_0 Label:ExponentialHeightFog SpatiallyLoaded:0 Bounds:IsValid=true, Min=(X=-5600.000 Y=-50.000 Z=-6850.000), Max=(X=-5600.000 Y=-50.000 Z=-6850.000) RuntimeGrid:None EditorOnly:0 RuntimeOnly:0 HLODRelevant:0 ListedInSceneOutliner:1 IsMainWorldOnly:0 FolderPath:Lighting FolderGuid:0BA5F0A04EADB18E70D5B180D08FA34B
 |   |   |- Guid:6FEFB3BD4EB37B849EF0D4AC80F83855 BaseClass: NativeClass:/Script/Engine.WorldDataLayers Name:WorldDataLayers Label:WorldDataLayers SpatiallyLoaded:0 Bounds:Invalid RuntimeGrid:None EditorOnly:0 RuntimeOnly:0 HLODRelevant:0 ListedInSceneOutliner:1 IsMainWorldOnly:1 FolderPath:Playground FolderGuid:6C02BB504B69D1F3D7A624B130C18E5B
 |   |   |- Guid:748C9EA644DE4E5D77695EB690BF314E BaseClass: NativeClass:/Script/Engine.StaticMeshActor Name:StaticMeshActor_UAID_18C04D8A9816C0B401_1073757032 Label:Merge_Merge SpatiallyLoaded:1 Bounds:IsValid=true, Min=(X=-58.580 Y=593.138 Z=225.955), Max=(X=140.580 Y=598.862 Z=334.045) RuntimeGrid:None EditorOnly:0 RuntimeOnly:0 HLODRelevant:1 ListedInSceneOutliner:1 IsMainWorldOnly:0
 |   |   |- Guid:77B7A9C443BE1C17AC6845B628E7CAB9 BaseClass: NativeClass:/Script/Engine.StaticMeshActor Name:StaticMeshActor_UAID_18C04D8A981673B401_1341070515 Label:Cone SpatiallyLoaded:1 Bounds:IsValid=true, Min=(X=337.354 Y=917.353 Z=220.000), Max=(X=362.646 Y=942.647 Z=252.168) RuntimeGrid:None EditorOnly:0 RuntimeOnly:0 HLODRelevant:0 ListedInSceneOutliner:1 IsMainWorldOnly:0 FolderPath:Playground FolderGuid:6C02BB504B69D1F3D7A624B130C18E5B
 |   |   |- Guid:8EF6E3C14AA8035CA059B9B5B5A7476B BaseClass: NativeClass:/Script/Engine.StaticMeshActor Name:StaticMeshActor_UAID_18C04D8A981671B401_1838124145 Label:Door SpatiallyLoaded:1 Bounds:IsValid=true, Min=(X=-340.480 Y=750.000 Z=114.116), Max=(X=-299.520 Y=929.920 Z=445.884) RuntimeGrid:None EditorOnly:0 RuntimeOnly:0 HLODRelevant:1 ListedInSceneOutliner:1 IsMainWorldOnly:0 FolderPath:Playground FolderGuid:6C02BB504B69D1F3D7A624B130C18E5B
 |   |   |- Guid:926F14A745873F7682DA029615C82976 BaseClass: NativeClass:/Script/Engine.StaticMeshActor Name:StaticMeshActor_UAID_18C04D8A981673B401_1256405514 Label:Cube SpatiallyLoaded:1 Bounds:IsValid=true, Min=(X=338.794 Y=772.375 Z=220.948), Max=(X=352.544 Y=785.625 Z=237.448) RuntimeGrid:None EditorOnly:0 RuntimeOnly:0 HLODRelevant:0 ListedInSceneOutliner:1 IsMainWorldOnly:0 FolderPath:Playground FolderGuid:6C02BB504B69D1F3D7A624B130C18E5B
 |   |   |- Guid:A354B1B24E617A525DC6B48CCDE2417E BaseClass: NativeClass:/Script/Engine.PlayerStart Name:PlayerStart_0 Label:PlayerStart SpatiallyLoaded:0 Bounds:IsValid=true, Min=(X=-40.000 Y=810.000 Z=170.013), Max=(X=40.000 Y=890.000 Z=354.013) RuntimeGrid:None EditorOnly:0 RuntimeOnly:0 HLODRelevant:0 ListedInSceneOutliner:1 IsMainWorldOnly:0 FolderPath:Playground FolderGuid:6C02BB504B69D1F3D7A624B130C18E5B
 |   |   |- Guid:BF9F1E2348138D64AB0080AF183C4ED9 BaseClass: NativeClass:/Script/Engine.StaticMeshActor Name:StaticMeshActor_UAID_18C04D8A981671B401_1645626144 Label:Room SpatiallyLoaded:1 Bounds:IsValid=true, Min=(X=-323.750 Y=586.087 Z=72.108), Max=(X=403.750 Y=1123.913 Z=411.762) RuntimeGrid:None EditorOnly:0 RuntimeOnly:0 HLODRelevant:1 ListedInSceneOutliner:1 IsMainWorldOnly:0 FolderPath:Playground FolderGuid:6C02BB504B69D1F3D7A624B130C18E5B
 |   |   |- Guid:C0C56B9644AE3D40CAFF6A878DB29844 BaseClass: NativeClass:/Script/Engine.StaticMeshActor Name:StaticMeshActor_UAID_A4AE111137DC5EFB00_2001720423 Label:SM_SkySphere SpatiallyLoaded:0 Bounds:IsValid=true, Min=(X=-1638400.000 Y=-1638400.000 Z=-1638400.000), Max=(X=1638400.000 Y=1638400.000 Z=1638400.000) RuntimeGrid:None EditorOnly:0 RuntimeOnly:0 HLODRelevant:1 ListedInSceneOutliner:1 IsMainWorldOnly:0 FolderPath:Lighting FolderGuid:0BA5F0A04EADB18E70D5B180D08FA34B
 |   |   |- Guid:C22CE07C4B87D685137FDBBC10FC92C6 BaseClass: NativeClass:/Script/Engine.SkyAtmosphere Name:SkyAtmosphere_0 Label:SkyAtmosphere SpatiallyLoaded:0 Bounds:IsValid=true, Min=(X=0.000 Y=0.000 Z=1020.000), Max=(X=0.000 Y=0.000 Z=1020.000) RuntimeGrid:None EditorOnly:0 RuntimeOnly:0 HLODRelevant:0 ListedInSceneOutliner:1 IsMainWorldOnly:0 FolderPath:Lighting FolderGuid:0BA5F0A04EADB18E70D5B180D08FA34B
 |   |   |- Guid:C920109E4979D9318EAE19AACEEB44C4 BaseClass: NativeClass:/Script/Engine.StaticMeshActor Name:StaticMeshActor_UAID_18C04D8A981672B401_1887822334 Label:Cone's Pedestal SpatiallyLoaded:1 Bounds:IsValid=true, Min=(X=328.020 Y=905.524 Z=130.000), Max=(X=371.980 Y=954.476 Z=218.992) RuntimeGrid:None EditorOnly:0 RuntimeOnly:0 HLODRelevant:1 ListedInSceneOutliner:1 IsMainWorldOnly:0 FolderPath:Playground FolderGuid:6C02BB504B69D1F3D7A624B130C18E5B
 |   |   |- Guid:CCF1E28949C8FBFFC87F5FB0A7DA4E0C BaseClass: NativeClass:/Script/Engine.PointLight Name:PointLight_UAID_18C04D8A981671B401_1339091139 Label:PointLight SpatiallyLoaded:1 Bounds:IsValid=true, Min=(X=-889.139 Y=-119.883 Z=-657.149), Max=(X=1110.861 Y=1880.117 Z=1342.851) RuntimeGrid:None EditorOnly:0 RuntimeOnly:0 HLODRelevant:0 ListedInSceneOutliner:1 IsMainWorldOnly:0 FolderPath:Playground FolderGuid:6C02BB504B69D1F3D7A624B130C18E5B
 |   |   |- Guid:DAC5B6614B6CC0D5931CE09575790B81 BaseClass:/Game/Text/Text.Text_C NativeClass:/Script/Engine.Actor Name:Text_C_UAID_18C04D8A981674B401_1512529693 Label:Text SpatiallyLoaded:1 Bounds:IsValid=true, Min=(X=-40.000 Y=598.705 Z=260.478), Max=(X=130.082 Y=598.705 Z=313.907) RuntimeGrid:None EditorOnly:0 RuntimeOnly:0 HLODRelevant:0 ListedInSceneOutliner:1 IsMainWorldOnly:0 Parent:748C9EA644DE4E5D77695EB690BF314E
 |   |   |- Guid:E016D19748AC47D1B7EC05990BB34CA1 BaseClass: NativeClass:/Script/Engine.BlockingVolume Name:BlockingVolume_UAID_18C04D8A9816C2B401_1775849386 Label:BlockingVolume SpatiallyLoaded:1 Bounds:IsValid=true, Min=(X=-187004.047 Y=-188730.203 Z=-679760.000), Max=(X=189650.250 Y=187903.438 Z=250.000) RuntimeGrid:None EditorOnly:0 RuntimeOnly:0 HLODRelevant:0 ListedInSceneOutliner:1 IsMainWorldOnly:0
 |   |   |- Guid:E5320C1B4FD9764CE7B54D8487AEC613 BaseClass: NativeClass:/Script/Engine.SkyLight Name:SkyLight_0 Label:SkyLight SpatiallyLoaded:0 Bounds:IsValid=true, Min=(X=0.000 Y=0.000 Z=690.000), Max=(X=0.000 Y=0.000 Z=690.000) RuntimeGrid:None EditorOnly:0 RuntimeOnly:0 HLODRelevant:0 ListedInSceneOutliner:1 IsMainWorldOnly:0 FolderPath:Lighting FolderGuid:0BA5F0A04EADB18E70D5B180D08FA34B
 |   |   |- Guid:E54EC2B244CB33107DF4139A5A67EE76 BaseClass: NativeClass:/Script/Engine.BlockingVolume Name:BlockingVolume_UAID_18C04D8A9816C2B401_1778560388 Label:BlockingVolume SpatiallyLoaded:1 Bounds:IsValid=true, Min=(X=-186994.406 Y=-188426.156 Z=-679639.375), Max=(X=189650.281 Y=187409.438 Z=250.000) RuntimeGrid:None EditorOnly:0 RuntimeOnly:0 HLODRelevant:0 ListedInSceneOutliner:1 IsMainWorldOnly:0
 |   |   |- Guid:E7F0171248166BF468210E9D911DA4BB BaseClass: NativeClass:/Script/Engine.StaticMeshActor Name:StaticMeshActor_UAID_18C04D8A981672B401_1844518331 Label:Pedestal for Sphere SpatiallyLoaded:1 Bounds:IsValid=true, Min=(X=-281.980 Y=1015.524 Z=130.000), Max=(X=-238.020 Y=1064.476 Z=218.992) RuntimeGrid:None EditorOnly:0 RuntimeOnly:0 HLODRelevant:1 ListedInSceneOutliner:1 IsMainWorldOnly:0 FolderPath:Playground FolderGuid:6C02BB504B69D1F3D7A624B130C18E5B
 |   |   |- Guid:EA0032ED44CB797EFC8D74AC10E5438A BaseClass: NativeClass:/Script/Engine.StaticMeshActor Name:StaticMeshActor_UAID_18C04D8A981673B401_1220672513 Label:Sphere SpatiallyLoaded:1 Bounds:IsValid=true, Min=(X=337.016 Y=653.008 Z=221.008), Max=(X=355.000 Y=670.992 Z=238.992) RuntimeGrid:None EditorOnly:0 RuntimeOnly:0 HLODRelevant:0 ListedInSceneOutliner:1 IsMainWorldOnly:0 FolderPath:Playground FolderGuid:6C02BB504B69D1F3D7A624B130C18E5B
 |   |   |- Guid:EF8C70BB4502FA983CAC17B91751596A BaseClass: NativeClass:/Script/Engine.StaticMeshActor Name:StaticMeshActor_UAID_18C04D8A981672B401_1889727335 Label:Cube's Pedestal SpatiallyLoaded:1 Bounds:IsValid=true, Min=(X=328.020 Y=755.524 Z=130.000), Max=(X=371.980 Y=804.476 Z=218.992) RuntimeGrid:None EditorOnly:0 RuntimeOnly:0 HLODRelevant:1 ListedInSceneOutliner:1 IsMainWorldOnly:0 FolderPath:Playground FolderGuid:6C02BB504B69D1F3D7A624B130C18E5B
 |   |   |- Guid:F80621C9446867154938FE81375207DA BaseClass: NativeClass:/Script/Engine.DirectionalLight Name:DirectionalLight_1 Label:DirectionalLight SpatiallyLoaded:0 Bounds:IsValid=true, Min=(X=-1048576.000 Y=-1048576.000 Z=-1048576.000), Max=(X=1048576.000 Y=1048576.000 Z=1048576.000) RuntimeGrid:None EditorOnly:0 RuntimeOnly:0 HLODRelevant:0 ListedInSceneOutliner:1 IsMainWorldOnly:0 FolderPath:Lighting FolderGuid:0BA5F0A04EADB18E70D5B180D08FA34B
 |   |- [+] Clusters:
 |   |   |- [+] [  0]
 |   |   |   |- Guid:073077474687114120BA71AE164BC09F BaseClass: NativeClass:/Script/Engine.BlockingVolume Name:BlockingVolume_UAID_18C04D8A9816C2B401_1777169387 Label:BlockingVolume SpatiallyLoaded:1 Bounds:IsValid=true, Min=(X=340.000 Y=920.000 Z=220.000), Max=(X=360.000 Y=940.000 Z=250.000) RuntimeGrid:None EditorOnly:0 RuntimeOnly:0 HLODRelevant:0 ListedInSceneOutliner:1 IsMainWorldOnly:0
 |   |   |- [+] [  1]
 |   |   |   |- Guid:101D929442F2B5BC04AF53924D78D28F BaseClass: NativeClass:/Script/Engine.StaticMeshActor Name:StaticMeshActor_UAID_18C04D8A981673B401_1394655516 Label:Donut SpatiallyLoaded:1 Bounds:IsValid=true, Min=(X=336.019 Y=1026.013 Z=220.000), Max=(X=363.981 Y=1053.987 Z=230.000) RuntimeGrid:None EditorOnly:0 RuntimeOnly:0 HLODRelevant:0 ListedInSceneOutliner:1 IsMainWorldOnly:0 FolderPath:Playground FolderGuid:6C02BB504B69D1F3D7A624B130C18E5B
 |   |   |- [+] [  2]
 |   |   |   |- Guid:13595E4D4443905B6E6B26871A4A3108 BaseClass: NativeClass:/Script/Engine.StaticMeshActor Name:StaticMeshActor_UAID_18C04D8A981672B401_1874914333 Label:Donut's Pedestal SpatiallyLoaded:1 Bounds:IsValid=true, Min=(X=328.020 Y=1015.524 Z=130.000), Max=(X=371.980 Y=1064.476 Z=218.992) RuntimeGrid:None EditorOnly:0 RuntimeOnly:0 HLODRelevant:1 ListedInSceneOutliner:1 IsMainWorldOnly:0 FolderPath:Playground FolderGuid:6C02BB504B69D1F3D7A624B130C18E5B
 |   |   |- [+] [  3]
 |   |   |   |- Guid:19D0089348CF19D44E927D825500DD63 BaseClass: NativeClass:/Script/Engine.BlockingVolume Name:BlockingVolume_UAID_18C04D8A9816C2B401_1781480389 Label:BlockingVolume SpatiallyLoaded:1 Bounds:IsValid=true, Min=(X=-40695.648 Y=-195194.266 Z=-698215.875), Max=(X=191656.859 Y=187903.438 Z=250.000) RuntimeGrid:None EditorOnly:0 RuntimeOnly:0 HLODRelevant:0 ListedInSceneOutliner:1 IsMainWorldOnly:0
 |   |   |- [+] [  4]
 |   |   |   |- Guid:2325279E4847FF375B721C933E682D3A BaseClass: NativeClass:/Script/Engine.BlockingVolume Name:BlockingVolume_UAID_18C04D8A9816C2B401_1782917390 Label:BlockingVolume SpatiallyLoaded:1 Bounds:IsValid=true, Min=(X=-187004.047 Y=-188730.203 Z=-679760.000), Max=(X=189650.250 Y=187903.438 Z=250.000) RuntimeGrid:None EditorOnly:0 RuntimeOnly:0 HLODRelevant:0 ListedInSceneOutliner:1 IsMainWorldOnly:0
 |   |   |- [+] [  5]
 |   |   |   |- Guid:24B15F4940980C899583A894EBD49558 BaseClass: NativeClass:/Script/Engine.BlockingVolume Name:BlockingVolume_UAID_18C04D8A9816C2B401_1823827392 Label:BlockingVolume SpatiallyLoaded:1 Bounds:IsValid=true, Min=(X=339.954 Y=652.981 Z=220.962), Max=(X=355.031 Y=670.016 Z=239.031) RuntimeGrid:None EditorOnly:0 RuntimeOnly:0 HLODRelevant:0 ListedInSceneOutliner:1 IsMainWorldOnly:0
 |   |   |- [+] [  6]
 |   |   |   |- Guid:255AC34240C4E76644452FA61E8455D3 BaseClass: NativeClass:/Script/Engine.StaticMeshActor Name:StaticMeshActor_UAID_18C04D8A981672B401_1847022332 Label:Pedestal For Donut SpatiallyLoaded:1 Bounds:IsValid=true, Min=(X=-281.980 Y=635.524 Z=130.000), Max=(X=-238.020 Y=684.476 Z=218.992) RuntimeGrid:None EditorOnly:0 RuntimeOnly:0 HLODRelevant:1 ListedInSceneOutliner:1 IsMainWorldOnly:0 FolderPath:Playground FolderGuid:6C02BB504B69D1F3D7A624B130C18E5B
 |   |   |- [+] [  7]
 |   |   |   |- Guid:26FB7205414840D1778C4D95C855DD3F BaseClass: NativeClass:/Script/Engine.BlockingVolume Name:BlockingVolume_UAID_18C04D8A9816C2B401_1830831393 Label:BlockingVolume SpatiallyLoaded:1 Bounds:IsValid=true, Min=(X=339.953 Y=1030.000 Z=220.000), Max=(X=360.000 Y=1050.062 Z=230.000) RuntimeGrid:None EditorOnly:0 RuntimeOnly:0 HLODRelevant:0 ListedInSceneOutliner:1 IsMainWorldOnly:0
 |   |   |- [+] [  8]
 |   |   |   |- Guid:327997BE451141169D7447A3753854BE BaseClass: NativeClass:/Script/Engine.StaticMeshActor Name:StaticMeshActor_UAID_18C04D8A981672B401_1893173336 Label:Sphere's Pedestal SpatiallyLoaded:1 Bounds:IsValid=true, Min=(X=328.020 Y=635.524 Z=130.000), Max=(X=371.980 Y=684.476 Z=218.992) RuntimeGrid:None EditorOnly:0 RuntimeOnly:0 HLODRelevant:1 ListedInSceneOutliner:1 IsMainWorldOnly:0 FolderPath:Playground FolderGuid:6C02BB504B69D1F3D7A624B130C18E5B
 |   |   |- [+] [  9]
 |   |   |   |- Guid:58899A23413D047707219DBFCED79259 BaseClass: NativeClass:/Script/Engine.BlockingVolume Name:BlockingVolume_UAID_18C04D8A9816C2B401_1818442391 Label:BlockingVolume SpatiallyLoaded:1 Bounds:IsValid=true, Min=(X=340.000 Y=772.375 Z=220.938), Max=(X=350.000 Y=785.625 Z=237.500) RuntimeGrid:None EditorOnly:0 RuntimeOnly:0 HLODRelevant:0 ListedInSceneOutliner:1 IsMainWorldOnly:0
 |   |   |- [+] [ 10]
 |   |   |   |- Guid:5B19A09F4BD63784C4BB31B184556A0D BaseClass: NativeClass:/Script/Engine.BlockingVolume Name:BlockingVolume_UAID_18C04D8A9816C2B401_1773459385 Label:BlockingVolume SpatiallyLoaded:1 Bounds:IsValid=true, Min=(X=-187004.047 Y=-188730.203 Z=-679760.000), Max=(X=189650.250 Y=187903.438 Z=250.000) RuntimeGrid:None EditorOnly:0 RuntimeOnly:0 HLODRelevant:0 ListedInSceneOutliner:1 IsMainWorldOnly:0
 |   |   |- [+] [ 11]
 |   |   |   |- Guid:5FE7584649BB6F09265329A6C57CFD0D BaseClass: NativeClass:/Script/Engine.VolumetricCloud Name:VolumetricCloud_0 Label:VolumetricCloud SpatiallyLoaded:0 Bounds:IsValid=true, Min=(X=0.000 Y=0.000 Z=820.000), Max=(X=0.000 Y=0.000 Z=820.000) RuntimeGrid:None EditorOnly:0 RuntimeOnly:0 HLODRelevant:0 ListedInSceneOutliner:1 IsMainWorldOnly:0 FolderPath:Lighting FolderGuid:0BA5F0A04EADB18E70D5B180D08FA34B
 |   |   |- [+] [ 12]
 |   |   |   |- Guid:61391D344900612A77DFC3BA3E354907 BaseClass: NativeClass:/Script/Engine.ExponentialHeightFog Name:ExponentialHeightFog_0 Label:ExponentialHeightFog SpatiallyLoaded:0 Bounds:IsValid=true, Min=(X=-5600.000 Y=-50.000 Z=-6850.000), Max=(X=-5600.000 Y=-50.000 Z=-6850.000) RuntimeGrid:None EditorOnly:0 RuntimeOnly:0 HLODRelevant:0 ListedInSceneOutliner:1 IsMainWorldOnly:0 FolderPath:Lighting FolderGuid:0BA5F0A04EADB18E70D5B180D08FA34B
 |   |   |- [+] [ 13]
 |   |   |   |- Guid:6FEFB3BD4EB37B849EF0D4AC80F83855 BaseClass: NativeClass:/Script/Engine.WorldDataLayers Name:WorldDataLayers Label:WorldDataLayers SpatiallyLoaded:0 Bounds:Invalid RuntimeGrid:None EditorOnly:0 RuntimeOnly:0 HLODRelevant:0 ListedInSceneOutliner:1 IsMainWorldOnly:1 FolderPath:Playground FolderGuid:6C02BB504B69D1F3D7A624B130C18E5B
 |   |   |- [+] [ 14]
 |   |   |   |- Guid:748C9EA644DE4E5D77695EB690BF314E BaseClass: NativeClass:/Script/Engine.StaticMeshActor Name:StaticMeshActor_UAID_18C04D8A9816C0B401_1073757032 Label:Merge_Merge SpatiallyLoaded:1 Bounds:IsValid=true, Min=(X=-58.580 Y=593.138 Z=225.955), Max=(X=140.580 Y=598.862 Z=334.045) RuntimeGrid:None EditorOnly:0 RuntimeOnly:0 HLODRelevant:1 ListedInSceneOutliner:1 IsMainWorldOnly:0
 |   |   |   |- Guid:DAC5B6614B6CC0D5931CE09575790B81 BaseClass:/Game/Text/Text.Text_C NativeClass:/Script/Engine.Actor Name:Text_C_UAID_18C04D8A981674B401_1512529693 Label:Text SpatiallyLoaded:1 Bounds:IsValid=true, Min=(X=-40.000 Y=598.705 Z=260.478), Max=(X=130.082 Y=598.705 Z=313.907) RuntimeGrid:None EditorOnly:0 RuntimeOnly:0 HLODRelevant:0 ListedInSceneOutliner:1 IsMainWorldOnly:0 Parent:748C9EA644DE4E5D77695EB690BF314E
 |   |   |- [+] [ 15]
 |   |   |   |- Guid:77B7A9C443BE1C17AC6845B628E7CAB9 BaseClass: NativeClass:/Script/Engine.StaticMeshActor Name:StaticMeshActor_UAID_18C04D8A981673B401_1341070515 Label:Cone SpatiallyLoaded:1 Bounds:IsValid=true, Min=(X=337.354 Y=917.353 Z=220.000), Max=(X=362.646 Y=942.647 Z=252.168) RuntimeGrid:None EditorOnly:0 RuntimeOnly:0 HLODRelevant:0 ListedInSceneOutliner:1 IsMainWorldOnly:0 FolderPath:Playground FolderGuid:6C02BB504B69D1F3D7A624B130C18E5B
 |   |   |- [+] [ 16]
 |   |   |   |- Guid:8EF6E3C14AA8035CA059B9B5B5A7476B BaseClass: NativeClass:/Script/Engine.StaticMeshActor Name:StaticMeshActor_UAID_18C04D8A981671B401_1838124145 Label:Door SpatiallyLoaded:1 Bounds:IsValid=true, Min=(X=-340.480 Y=750.000 Z=114.116), Max=(X=-299.520 Y=929.920 Z=445.884) RuntimeGrid:None EditorOnly:0 RuntimeOnly:0 HLODRelevant:1 ListedInSceneOutliner:1 IsMainWorldOnly:0 FolderPath:Playground FolderGuid:6C02BB504B69D1F3D7A624B130C18E5B
 |   |   |- [+] [ 17]
 |   |   |   |- Guid:926F14A745873F7682DA029615C82976 BaseClass: NativeClass:/Script/Engine.StaticMeshActor Name:StaticMeshActor_UAID_18C04D8A981673B401_1256405514 Label:Cube SpatiallyLoaded:1 Bounds:IsValid=true, Min=(X=338.794 Y=772.375 Z=220.948), Max=(X=352.544 Y=785.625 Z=237.448) RuntimeGrid:None EditorOnly:0 RuntimeOnly:0 HLODRelevant:0 ListedInSceneOutliner:1 IsMainWorldOnly:0 FolderPath:Playground FolderGuid:6C02BB504B69D1F3D7A624B130C18E5B
 |   |   |- [+] [ 18]
 |   |   |   |- Guid:A354B1B24E617A525DC6B48CCDE2417E BaseClass: NativeClass:/Script/Engine.PlayerStart Name:PlayerStart_0 Label:PlayerStart SpatiallyLoaded:0 Bounds:IsValid=true, Min=(X=-40.000 Y=810.000 Z=170.013), Max=(X=40.000 Y=890.000 Z=354.013) RuntimeGrid:None EditorOnly:0 RuntimeOnly:0 HLODRelevant:0 ListedInSceneOutliner:1 IsMainWorldOnly:0 FolderPath:Playground FolderGuid:6C02BB504B69D1F3D7A624B130C18E5B
 |   |   |- [+] [ 19]
 |   |   |   |- Guid:BF9F1E2348138D64AB0080AF183C4ED9 BaseClass: NativeClass:/Script/Engine.StaticMeshActor Name:StaticMeshActor_UAID_18C04D8A981671B401_1645626144 Label:Room SpatiallyLoaded:1 Bounds:IsValid=true, Min=(X=-323.750 Y=586.087 Z=72.108), Max=(X=403.750 Y=1123.913 Z=411.762) RuntimeGrid:None EditorOnly:0 RuntimeOnly:0 HLODRelevant:1 ListedInSceneOutliner:1 IsMainWorldOnly:0 FolderPath:Playground FolderGuid:6C02BB504B69D1F3D7A624B130C18E5B
 |   |   |- [+] [ 20]
 |   |   |   |- Guid:C0C56B9644AE3D40CAFF6A878DB29844 BaseClass: NativeClass:/Script/Engine.StaticMeshActor Name:StaticMeshActor_UAID_A4AE111137DC5EFB00_2001720423 Label:SM_SkySphere SpatiallyLoaded:0 Bounds:IsValid=true, Min=(X=-1638400.000 Y=-1638400.000 Z=-1638400.000), Max=(X=1638400.000 Y=1638400.000 Z=1638400.000) RuntimeGrid:None EditorOnly:0 RuntimeOnly:0 HLODRelevant:1 ListedInSceneOutliner:1 IsMainWorldOnly:0 FolderPath:Lighting FolderGuid:0BA5F0A04EADB18E70D5B180D08FA34B
 |   |   |- [+] [ 21]
 |   |   |   |- Guid:C22CE07C4B87D685137FDBBC10FC92C6 BaseClass: NativeClass:/Script/Engine.SkyAtmosphere Name:SkyAtmosphere_0 Label:SkyAtmosphere SpatiallyLoaded:0 Bounds:IsValid=true, Min=(X=0.000 Y=0.000 Z=1020.000), Max=(X=0.000 Y=0.000 Z=1020.000) RuntimeGrid:None EditorOnly:0 RuntimeOnly:0 HLODRelevant:0 ListedInSceneOutliner:1 IsMainWorldOnly:0 FolderPath:Lighting FolderGuid:0BA5F0A04EADB18E70D5B180D08FA34B
 |   |   |- [+] [ 22]
 |   |   |   |- Guid:C920109E4979D9318EAE19AACEEB44C4 BaseClass: NativeClass:/Script/Engine.StaticMeshActor Name:StaticMeshActor_UAID_18C04D8A981672B401_1887822334 Label:Cone's Pedestal SpatiallyLoaded:1 Bounds:IsValid=true, Min=(X=328.020 Y=905.524 Z=130.000), Max=(X=371.980 Y=954.476 Z=218.992) RuntimeGrid:None EditorOnly:0 RuntimeOnly:0 HLODRelevant:1 ListedInSceneOutliner:1 IsMainWorldOnly:0 FolderPath:Playground FolderGuid:6C02BB504B69D1F3D7A624B130C18E5B
 |   |   |- [+] [ 23]
 |   |   |   |- Guid:CCF1E28949C8FBFFC87F5FB0A7DA4E0C BaseClass: NativeClass:/Script/Engine.PointLight Name:PointLight_UAID_18C04D8A981671B401_1339091139 Label:PointLight SpatiallyLoaded:1 Bounds:IsValid=true, Min=(X=-889.139 Y=-119.883 Z=-657.149), Max=(X=1110.861 Y=1880.117 Z=1342.851) RuntimeGrid:None EditorOnly:0 RuntimeOnly:0 HLODRelevant:0 ListedInSceneOutliner:1 IsMainWorldOnly:0 FolderPath:Playground FolderGuid:6C02BB504B69D1F3D7A624B130C18E5B
 |   |   |- [+] [ 24]
 |   |   |   |- Guid:E016D19748AC47D1B7EC05990BB34CA1 BaseClass: NativeClass:/Script/Engine.BlockingVolume Name:BlockingVolume_UAID_18C04D8A9816C2B401_1775849386 Label:BlockingVolume SpatiallyLoaded:1 Bounds:IsValid=true, Min=(X=-187004.047 Y=-188730.203 Z=-679760.000), Max=(X=189650.250 Y=187903.438 Z=250.000) RuntimeGrid:None EditorOnly:0 RuntimeOnly:0 HLODRelevant:0 ListedInSceneOutliner:1 IsMainWorldOnly:0
 |   |   |- [+] [ 25]
 |   |   |   |- Guid:E5320C1B4FD9764CE7B54D8487AEC613 BaseClass: NativeClass:/Script/Engine.SkyLight Name:SkyLight_0 Label:SkyLight SpatiallyLoaded:0 Bounds:IsValid=true, Min=(X=0.000 Y=0.000 Z=690.000), Max=(X=0.000 Y=0.000 Z=690.000) RuntimeGrid:None EditorOnly:0 RuntimeOnly:0 HLODRelevant:0 ListedInSceneOutliner:1 IsMainWorldOnly:0 FolderPath:Lighting FolderGuid:0BA5F0A04EADB18E70D5B180D08FA34B
 |   |   |- [+] [ 26]
 |   |   |   |- Guid:E54EC2B244CB33107DF4139A5A67EE76 BaseClass: NativeClass:/Script/Engine.BlockingVolume Name:BlockingVolume_UAID_18C04D8A9816C2B401_1778560388 Label:BlockingVolume SpatiallyLoaded:1 Bounds:IsValid=true, Min=(X=-186994.406 Y=-188426.156 Z=-679639.375), Max=(X=189650.281 Y=187409.438 Z=250.000) RuntimeGrid:None EditorOnly:0 RuntimeOnly:0 HLODRelevant:0 ListedInSceneOutliner:1 IsMainWorldOnly:0
 |   |   |- [+] [ 27]
 |   |   |   |- Guid:E7F0171248166BF468210E9D911DA4BB BaseClass: NativeClass:/Script/Engine.StaticMeshActor Name:StaticMeshActor_UAID_18C04D8A981672B401_1844518331 Label:Pedestal for Sphere SpatiallyLoaded:1 Bounds:IsValid=true, Min=(X=-281.980 Y=1015.524 Z=130.000), Max=(X=-238.020 Y=1064.476 Z=218.992) RuntimeGrid:None EditorOnly:0 RuntimeOnly:0 HLODRelevant:1 ListedInSceneOutliner:1 IsMainWorldOnly:0 FolderPath:Playground FolderGuid:6C02BB504B69D1F3D7A624B130C18E5B
 |   |   |- [+] [ 28]
 |   |   |   |- Guid:EA0032ED44CB797EFC8D74AC10E5438A BaseClass: NativeClass:/Script/Engine.StaticMeshActor Name:StaticMeshActor_UAID_18C04D8A981673B401_1220672513 Label:Sphere SpatiallyLoaded:1 Bounds:IsValid=true, Min=(X=337.016 Y=653.008 Z=221.008), Max=(X=355.000 Y=670.992 Z=238.992) RuntimeGrid:None EditorOnly:0 RuntimeOnly:0 HLODRelevant:0 ListedInSceneOutliner:1 IsMainWorldOnly:0 FolderPath:Playground FolderGuid:6C02BB504B69D1F3D7A624B130C18E5B
 |   |   |- [+] [ 29]
 |   |   |   |- Guid:EF8C70BB4502FA983CAC17B91751596A BaseClass: NativeClass:/Script/Engine.StaticMeshActor Name:StaticMeshActor_UAID_18C04D8A981672B401_1889727335 Label:Cube's Pedestal SpatiallyLoaded:1 Bounds:IsValid=true, Min=(X=328.020 Y=755.524 Z=130.000), Max=(X=371.980 Y=804.476 Z=218.992) RuntimeGrid:None EditorOnly:0 RuntimeOnly:0 HLODRelevant:1 ListedInSceneOutliner:1 IsMainWorldOnly:0 FolderPath:Playground FolderGuid:6C02BB504B69D1F3D7A624B130C18E5B
 |   |   |- [+] [ 30]
 |   |   |   |- Guid:F80621C9446867154938FE81375207DA BaseClass: NativeClass:/Script/Engine.DirectionalLight Name:DirectionalLight_1 Label:DirectionalLight SpatiallyLoaded:0 Bounds:IsValid=true, Min=(X=-1048576.000 Y=-1048576.000 Z=-1048576.000), Max=(X=1048576.000 Y=1048576.000 Z=1048576.000) RuntimeGrid:None EditorOnly:0 RuntimeOnly:0 HLODRelevant:0 ListedInSceneOutliner:1 IsMainWorldOnly:0 FolderPath:Lighting FolderGuid:0BA5F0A04EADB18E70D5B180D08FA34B
 |- ContainerInstances:
 |- [+] MainContainer:
 |   |-        ID: 00000000000000000000000000000000
 |   |-  ParentID: 00000000000000000000000000000000
 |   |-    Bounds: IsValid=false, Min=(X=0.000 Y=0.000 Z=0.000), Max=(X=0.000 Y=0.000 Z=0.000)
 |   |- Transform: 0.000000,0.000000,0.000000|0.000000,0.000000,-0.000000|1.000000,1.000000,1.000000
 |   |- Container: /Game/FirstPerson/Maps/FirstPersonMap
----------------------------------------------------------------------------------------------------------------
FirstPersonMap - Persistent Level
----------------------------------------------------------------------------------------------------------------
[+] Content of FirstPersonMap Persistent Level
 |- Always loaded Actor Count: 39 
 |- Actor Path: /Game/FirstPerson/Maps/FirstPersonMap.FirstPersonMap:PersistentLevel.AbstractNavData-Default
 |- Actor Package: /Game/FirstPerson/Maps/FirstPersonMap
 |- Actor Path: /Game/FirstPerson/Maps/FirstPersonMap.FirstPersonMap:PersistentLevel.BlockingVolume_UAID_18C04D8A9816C2B401_1773459385
 |- Actor Package: /Game/__ExternalActors__/FirstPerson/Maps/FirstPersonMap/9/0Z/OO99GUL893JQY1KXIAQMPT
 |- Actor Path: /Game/FirstPerson/Maps/FirstPersonMap.FirstPersonMap:PersistentLevel.BlockingVolume_UAID_18C04D8A9816C2B401_1775849386
 |- Actor Package: /Game/__ExternalActors__/FirstPerson/Maps/FirstPersonMap/1/NQ/K25COZBY2XUQOI7178TG5C
 |- Actor Path: /Game/FirstPerson/Maps/FirstPersonMap.FirstPersonMap:PersistentLevel.BlockingVolume_UAID_18C04D8A9816C2B401_1777169387
 |- Actor Package: /Game/__ExternalActors__/FirstPerson/Maps/FirstPersonMap/E/KA/K9V8V66EYSH84IVG9V893P
 |- Actor Path: /Game/FirstPerson/Maps/FirstPersonMap.FirstPersonMap:PersistentLevel.BlockingVolume_UAID_18C04D8A9816C2B401_1778560388
 |- Actor Package: /Game/__ExternalActors__/FirstPerson/Maps/FirstPersonMap/D/KQ/GVB7KCO2BJ8RFLMB1809DA
 |- Actor Path: /Game/FirstPerson/Maps/FirstPersonMap.FirstPersonMap:PersistentLevel.BlockingVolume_UAID_18C04D8A9816C2B401_1781480389
 |- Actor Package: /Game/__ExternalActors__/FirstPerson/Maps/FirstPersonMap/E/ML/RLLWSKG6VZ3XLQZ0PD9ZME
 |- Actor Path: /Game/FirstPerson/Maps/FirstPersonMap.FirstPersonMap:PersistentLevel.BlockingVolume_UAID_18C04D8A9816C2B401_1782917390
 |- Actor Package: /Game/__ExternalActors__/FirstPerson/Maps/FirstPersonMap/4/0B/SYR9GA7QJLOHYESAYVQF2U
 |- Actor Path: /Game/FirstPerson/Maps/FirstPersonMap.FirstPersonMap:PersistentLevel.BlockingVolume_UAID_18C04D8A9816C2B401_1818442391
 |- Actor Package: /Game/__ExternalActors__/FirstPerson/Maps/FirstPersonMap/7/XL/Q42NGY5CBZGP43ZEAM14B4
 |- Actor Path: /Game/FirstPerson/Maps/FirstPersonMap.FirstPersonMap:PersistentLevel.BlockingVolume_UAID_18C04D8A9816C2B401_1823827392
 |- Actor Package: /Game/__ExternalActors__/FirstPerson/Maps/FirstPersonMap/4/BI/1LBAG8QD41U4O59FWEZTHF
 |- Actor Path: /Game/FirstPerson/Maps/FirstPersonMap.FirstPersonMap:PersistentLevel.BlockingVolume_UAID_18C04D8A9816C2B401_1830831393
 |- Actor Package: /Game/__ExternalActors__/FirstPerson/Maps/FirstPersonMap/3/CG/ZEXOHSZWXSADT27H5CMTI5
 |- Actor Path: /Game/FirstPerson/Maps/FirstPersonMap.FirstPersonMap:PersistentLevel.Brush_0
 |- Actor Package: /Game/FirstPerson/Maps/FirstPersonMap
 |- Actor Path: /Game/FirstPerson/Maps/FirstPersonMap.FirstPersonMap:PersistentLevel.DefaultPhysicsVolume_0
 |- Actor Package: /Game/FirstPerson/Maps/FirstPersonMap
 |- Actor Path: /Game/FirstPerson/Maps/FirstPersonMap.FirstPersonMap:PersistentLevel.DirectionalLight_1
 |- Actor Package: /Game/__ExternalActors__/FirstPerson/Maps/FirstPersonMap/0/WB/V4ALNTJYOVWM8BU452CKV5
 |- Actor Path: /Game/FirstPerson/Maps/FirstPersonMap.FirstPersonMap:PersistentLevel.ExponentialHeightFog_0
 |- Actor Package: /Game/__ExternalActors__/FirstPerson/Maps/FirstPersonMap/0/CL/381LM03PFI8AF9NED1SEV2
 |- Actor Path: /Game/FirstPerson/Maps/FirstPersonMap.FirstPersonMap:PersistentLevel.FirstPersonExampleMap_C_1
 |- Actor Package: /Game/FirstPerson/Maps/FirstPersonMap
 |- Actor Path: /Game/FirstPerson/Maps/FirstPersonMap.FirstPersonMap:PersistentLevel.GameplayDebuggerPlayerManager_0
 |- Actor Package: /Game/FirstPerson/Maps/FirstPersonMap
 |- Actor Path: /Game/FirstPerson/Maps/FirstPersonMap.FirstPersonMap:PersistentLevel.PlayerStart_0
 |- Actor Package: /Game/__ExternalActors__/FirstPerson/Maps/FirstPersonMap/8/Z7/W1SXRCM1KAKBJOIZDLHZ47
 |- Actor Path: /Game/FirstPerson/Maps/FirstPersonMap.FirstPersonMap:PersistentLevel.PointLight_UAID_18C04D8A981671B401_1339091139
 |- Actor Package: /Game/__ExternalActors__/FirstPerson/Maps/FirstPersonMap/2/U6/S8VKXES08VQETVYF88CRQP
 |- Actor Path: /Game/FirstPerson/Maps/FirstPersonMap.FirstPersonMap:PersistentLevel.SkyAtmosphere_0
 |- Actor Package: /Game/__ExternalActors__/FirstPerson/Maps/FirstPersonMap/C/VO/VMN4G7K3NKKV6F8HTPHHDB
 |- Actor Path: /Game/FirstPerson/Maps/FirstPersonMap.FirstPersonMap:PersistentLevel.SkyLight_0
 |- Actor Package: /Game/__ExternalActors__/FirstPerson/Maps/FirstPersonMap/6/0Z/5RQIHCZ9W3UXRGL4LTLQAK
 |- Actor Path: /Game/FirstPerson/Maps/FirstPersonMap.FirstPersonMap:PersistentLevel.StaticMeshActor_UAID_18C04D8A981671B401_1645626144
 |- Actor Package: /Game/__ExternalActors__/FirstPerson/Maps/FirstPersonMap/A/Y2/5F6DFRNUCIXCADZTMYJS5Z
 |- Actor Path: /Game/FirstPerson/Maps/FirstPersonMap.FirstPersonMap:PersistentLevel.StaticMeshActor_UAID_18C04D8A981671B401_1838124145
 |- Actor Package: /Game/__ExternalActors__/FirstPerson/Maps/FirstPersonMap/8/N7/YJACBA45J7TBN8E7C2ED17
 |- Actor Path: /Game/FirstPerson/Maps/FirstPersonMap.FirstPersonMap:PersistentLevel.StaticMeshActor_UAID_18C04D8A981672B401_1844518331
 |- Actor Package: /Game/__ExternalActors__/FirstPerson/Maps/FirstPersonMap/D/YL/Y6JGDZQJPD6ZIY19XEBLVH
 |- Actor Path: /Game/FirstPerson/Maps/FirstPersonMap.FirstPersonMap:PersistentLevel.StaticMeshActor_UAID_18C04D8A981672B401_1847022332
 |- Actor Package: /Game/__ExternalActors__/FirstPerson/Maps/FirstPersonMap/F/4U/D16TMFKLLLHAF9CQUOBED8
 |- Actor Path: /Game/FirstPerson/Maps/FirstPersonMap.FirstPersonMap:PersistentLevel.StaticMeshActor_UAID_18C04D8A981672B401_1874914333
 |- Actor Package: /Game/__ExternalActors__/FirstPerson/Maps/FirstPersonMap/1/WD/UUNV6ZRQMWMO44J4WIX8FZ
 |- Actor Path: /Game/FirstPerson/Maps/FirstPersonMap.FirstPersonMap:PersistentLevel.StaticMeshActor_UAID_18C04D8A981672B401_1887822334
 |- Actor Package: /Game/__ExternalActors__/FirstPerson/Maps/FirstPersonMap/B/CO/61MI1DA44L2PH9FEPDPE3I
 |- Actor Path: /Game/FirstPerson/Maps/FirstPersonMap.FirstPersonMap:PersistentLevel.StaticMeshActor_UAID_18C04D8A981672B401_1889727335
 |- Actor Package: /Game/__ExternalActors__/FirstPerson/Maps/FirstPersonMap/2/7E/9NKLBBQWSJPARSIZI5BDS8
 |- Actor Path: /Game/FirstPerson/Maps/FirstPersonMap.FirstPersonMap:PersistentLevel.StaticMeshActor_UAID_18C04D8A981672B401_1893173336
 |- Actor Package: /Game/__ExternalActors__/FirstPerson/Maps/FirstPersonMap/D/XY/AHA4I89URCZPKCCIAYDIJB
 |- Actor Path: /Game/FirstPerson/Maps/FirstPersonMap.FirstPersonMap:PersistentLevel.StaticMeshActor_UAID_18C04D8A981673B401_1220672513
 |- Actor Package: /Game/__ExternalActors__/FirstPerson/Maps/FirstPersonMap/4/ZH/5D1D0TEFP4DSW29VXJ1A5O
 |- Actor Path: /Game/FirstPerson/Maps/FirstPersonMap.FirstPersonMap:PersistentLevel.StaticMeshActor_UAID_18C04D8A981673B401_1256405514
 |- Actor Package: /Game/__ExternalActors__/FirstPerson/Maps/FirstPersonMap/2/0T/RZBG3N769AHAV1NPUSLL63
 |- Actor Path: /Game/FirstPerson/Maps/FirstPersonMap.FirstPersonMap:PersistentLevel.StaticMeshActor_UAID_18C04D8A981673B401_1341070515
 |- Actor Package: /Game/__ExternalActors__/FirstPerson/Maps/FirstPersonMap/3/1I/1IR24DKSC238IYGUC43YXO
 |- Actor Path: /Game/FirstPerson/Maps/FirstPersonMap.FirstPersonMap:PersistentLevel.StaticMeshActor_UAID_18C04D8A981673B401_1394655516
 |- Actor Package: /Game/__ExternalActors__/FirstPerson/Maps/FirstPersonMap/6/JZ/G8LMQC4Y9WX6PUZNCSHPXZ
 |- Actor Path: /Game/FirstPerson/Maps/FirstPersonMap.FirstPersonMap:PersistentLevel.StaticMeshActor_UAID_18C04D8A9816C0B401_1073757032
 |- Actor Package: /Game/__ExternalActors__/FirstPerson/Maps/FirstPersonMap/7/8U/V732EGVGDQ9U2V188C5CQT
 |- Actor Path: /Game/FirstPerson/Maps/FirstPersonMap.FirstPersonMap:PersistentLevel.StaticMeshActor_UAID_A4AE111137DC5EFB00_2001720423
 |- Actor Package: /Game/__ExternalActors__/FirstPerson/Maps/FirstPersonMap/C/ZU/PDQ0AB8RLNMVID876FD49G
 |- Actor Path: /Game/FirstPerson/Maps/FirstPersonMap.FirstPersonMap:PersistentLevel.Text_C_UAID_18C04D8A981674B401_1512529693
 |- Actor Package: /Game/__ExternalActors__/FirstPerson/Maps/FirstPersonMap/6/4U/RPFL19CCVZ8MG9SVEM5MNH
 |- Actor Path: /Game/FirstPerson/Maps/FirstPersonMap.FirstPersonMap:PersistentLevel.VolumetricCloud_0
 |- Actor Package: /Game/__ExternalActors__/FirstPerson/Maps/FirstPersonMap/0/GO/I8WEFD3RY9V3NVQLSU6QM4
 |- Actor Path: /Game/FirstPerson/Maps/FirstPersonMap.FirstPersonMap:PersistentLevel.WorldDataLayers
 |- Actor Package: /Game/__ExternalActors__/FirstPerson/Maps/FirstPersonMap/D/0W/E1FKEGVKGOLM7HGLQPCIPO
 |- Actor Path: /Game/FirstPerson/Maps/FirstPersonMap.FirstPersonMap:PersistentLevel.WorldInfo_0
 |- Actor Package: /Game/FirstPerson/Maps/FirstPersonMap
 |- Actor Path: /Game/FirstPerson/Maps/FirstPersonMap.FirstPersonMap:PersistentLevel.WorldPartitionMiniMap_0
 |- Actor Package: /Game/__ExternalActors__/FirstPerson/Maps/FirstPersonMap/4/CR/SRVPLA8UNZ8XIIP0E036DI

----------------------------------------------------------------------------------------------------------------
FirstPersonMap - Runtime Spatial Hash - Streaming Grid - MainGrid
----------------------------------------------------------------------------------------------------------------
            Origin: X=0.000 Y=0.000 Z=0.000
         Cell Size: 12800
      World Bounds: IsValid=false, Min=(X=0.000 Y=0.000 Z=0.000), Max=(X=0.000 Y=0.000 Z=0.000)
     Loading Range: 25600.00
Block Slow Loading: No
 ClientOnlyVisible: No
            Origin: X=0.000 Y=0.000 Z=0.000

[+] Grid Levels: 1
 |- Level  0: Cell Count    0 | Cell Size   12800 | Actor Count    0 (0.0%)

[+] Content of Grid Level 0

