[+] Containers:
 |- [+] Container: /Game/FirstPerson/Maps/FirstPersonMap
 |   |- [+] ActorDescs:
 |   |   |- Guid:063CFA3D45AA7B7BF768FDAECFF509B2 BaseClass: NativeClass:/Script/Engine.BlockingVolume Name:BlockingVolume_UAID_18C04D8A9816E4B401_1560865377 Label:BlockingVolume SpatiallyLoaded:1 Bounds:IsValid=true, Min=(X=330.000 Y=650.000 Z=130.000), Max=(X=370.000 Y=690.000 Z=218.992) RuntimeGrid:None EditorOnly:0 RuntimeOnly:0 HLODRelevant:0 ListedInSceneOutliner:1 IsMainWorldOnly:0
 |   |   |- Guid:13595E4D4443905B6E6B26871A4A3108 BaseClass: NativeClass:/Script/Engine.StaticMeshActor Name:StaticMeshActor_UAID_18C04D8A981672B401_1874914333 Label:Sphere Pedestal SpatiallyLoaded:1 Bounds:IsValid=true, Min=(X=328.020 Y=1015.524 Z=130.000), Max=(X=371.980 Y=1064.476 Z=218.992) RuntimeGrid:None EditorOnly:0 RuntimeOnly:0 HLODRelevant:1 ListedInSceneOutliner:1 IsMainWorldOnly:0 FolderPath:Playground FolderGuid:6C02BB504B69D1F3D7A624B130C18E5B
 |   |   |- Guid:17C027AA4E6AF9E843251DBB8A8D3C6B BaseClass: NativeClass:/Script/Engine.BlockingVolume Name:BlockingVolume_UAID_18C04D8A9816E4B401_1562528378 Label:BlockingVolume SpatiallyLoaded:1 Bounds:IsValid=true, Min=(X=330.000 Y=650.000 Z=130.000), Max=(X=370.000 Y=690.000 Z=220.000) RuntimeGrid:None EditorOnly:0 RuntimeOnly:0 HLODRelevant:0 ListedInSceneOutliner:1 IsMainWorldOnly:0
 |   |   |- Guid:1898651C46062DEDD75C06AAF4F9DB48 BaseClass: NativeClass:/Script/Engine.BlockingVolume Name:BlockingVolume_UAID_18C04D8A9816E4B401_1575097380 Label:BlockingVolume SpatiallyLoaded:1 Bounds:IsValid=true, Min=(X=-280.000 Y=640.000 Z=130.000), Max=(X=-240.000 Y=680.000 Z=220.000) RuntimeGrid:None EditorOnly:0 RuntimeOnly:0 HLODRelevant:0 ListedInSceneOutliner:1 IsMainWorldOnly:0
 |   |   |- Guid:4A94689E4560DE293E0887BB68E55AE8 BaseClass: NativeClass:/Script/Engine.BlockingVolume Name:BlockingVolume_UAID_18C04D8A9816E4B401_1571914379 Label:BlockingVolume SpatiallyLoaded:1 Bounds:IsValid=true, Min=(X=-280.000 Y=1020.000 Z=130.000), Max=(X=-240.000 Y=1060.000 Z=220.000) RuntimeGrid:None EditorOnly:0 RuntimeOnly:0 HLODRelevant:0 ListedInSceneOutliner:1 IsMainWorldOnly:0
 |   |   |- Guid:53ADCDB44C8FB97F832676B8DAE19862 BaseClass: NativeClass:/Script/Engine.StaticMeshActor Name:StaticMeshActor_UAID_18C04D8A9816E4B401_1213511374 Label:Pedestal for Sphere SpatiallyLoaded:1 Bounds:IsValid=true, Min=(X=-281.980 Y=635.524 Z=130.000), Max=(X=-238.020 Y=684.476 Z=218.992) RuntimeGrid:None EditorOnly:0 RuntimeOnly:0 HLODRelevant:1 ListedInSceneOutliner:1 IsMainWorldOnly:0 FolderPath:Playground FolderGuid:6C02BB504B69D1F3D7A624B130C18E5B
 |   |   |- Guid:5FE7584649BB6F09265329A6C57CFD0D BaseClass: NativeClass:/Script/Engine.VolumetricCloud Name:VolumetricCloud_0 Label:VolumetricCloud SpatiallyLoaded:0 Bounds:IsValid=true, Min=(X=0.000 Y=0.000 Z=820.000), Max=(X=0.000 Y=0.000 Z=820.000) RuntimeGrid:None EditorOnly:0 RuntimeOnly:0 HLODRelevant:0 ListedInSceneOutliner:1 IsMainWorldOnly:0 FolderPath:Lighting FolderGuid:0BA5F0A04EADB18E70D5B180D08FA34B
 |   |   |- Guid:61391D344900612A77DFC3BA3E354907 BaseClass: NativeClass:/Script/Engine.ExponentialHeightFog Name:ExponentialHeightFog_0 Label:ExponentialHeightFog SpatiallyLoaded:0 Bounds:IsValid=true, Min=(X=-5600.000 Y=-50.000 Z=-6850.000), Max=(X=-5600.000 Y=-50.000 Z=-6850.000) RuntimeGrid:None EditorOnly:0 RuntimeOnly:0 HLODRelevant:0 ListedInSceneOutliner:1 IsMainWorldOnly:0 FolderPath:Lighting FolderGuid:0BA5F0A04EADB18E70D5B180D08FA34B
 |   |   |- Guid:61CE2B024BC2BE909BA999A58F721786 BaseClass: NativeClass:/Script/Engine.StaticMeshActor Name:StaticMeshActor_UAID_18C04D8A9816E4B401_1185680372 Label:Donut Pedestal SpatiallyLoaded:1 Bounds:IsValid=true, Min=(X=328.020 Y=645.524 Z=130.000), Max=(X=371.980 Y=694.476 Z=218.992) RuntimeGrid:None EditorOnly:0 RuntimeOnly:0 HLODRelevant:1 ListedInSceneOutliner:1 IsMainWorldOnly:0 FolderPath:Playground FolderGuid:6C02BB504B69D1F3D7A624B130C18E5B
 |   |   |- Guid:6352B6734BD4DA669679D7A985C5346B BaseClass: NativeClass:/Script/Engine.BlockingVolume Name:BlockingVolume_UAID_18C04D8A9816E4B401_1557116376 Label:BlockingVolume SpatiallyLoaded:1 Bounds:IsValid=true, Min=(X=330.000 Y=780.000 Z=130.000), Max=(X=370.000 Y=820.000 Z=220.000) RuntimeGrid:None EditorOnly:0 RuntimeOnly:0 HLODRelevant:0 ListedInSceneOutliner:1 IsMainWorldOnly:0
 |   |   |- Guid:6B464A5148C73F50927C9ABDC2E0FFA7 BaseClass: NativeClass:/Script/Engine.StaticMeshActor Name:StaticMeshActor_UAID_18C04D8A9816E2B401_1730897015 Label:Sphere SpatiallyLoaded:1 Bounds:IsValid=true, Min=(X=340.000 Y=1028.000 Z=230.000), Max=(X=360.000 Y=1048.000 Z=250.000) RuntimeGrid:None EditorOnly:0 RuntimeOnly:0 HLODRelevant:0 ListedInSceneOutliner:1 IsMainWorldOnly:0
 |   |   |- Guid:6FEFB3BD4EB37B849EF0D4AC80F83855 BaseClass: NativeClass:/Script/Engine.WorldDataLayers Name:WorldDataLayers Label:WorldDataLayers SpatiallyLoaded:0 Bounds:Invalid RuntimeGrid:None EditorOnly:0 RuntimeOnly:0 HLODRelevant:0 ListedInSceneOutliner:1 IsMainWorldOnly:1 FolderPath:Playground FolderGuid:6C02BB504B69D1F3D7A624B130C18E5B
 |   |   |- Guid:748C9EA644DE4E5D77695EB690BF314E BaseClass: NativeClass:/Script/Engine.StaticMeshActor Name:StaticMeshActor_UAID_18C04D8A9816C0B401_1073757032 Label:Merge_Merge SpatiallyLoaded:1 Bounds:IsValid=true, Min=(X=-58.580 Y=593.138 Z=225.955), Max=(X=140.580 Y=598.862 Z=334.045) RuntimeGrid:None EditorOnly:0 RuntimeOnly:0 HLODRelevant:1 ListedInSceneOutliner:1 IsMainWorldOnly:0
 |   |   |- Guid:8262473A418BB5893E7492B4A21BA1FA BaseClass: NativeClass:/Script/Engine.StaticMeshActor Name:StaticMeshActor_UAID_18C04D8A9816E4B401_1201444373 Label:Donut's Pedestal5 SpatiallyLoaded:1 Bounds:IsValid=true, Min=(X=-281.980 Y=1015.524 Z=130.000), Max=(X=-238.020 Y=1064.476 Z=218.992) RuntimeGrid:None EditorOnly:0 RuntimeOnly:0 HLODRelevant:1 ListedInSceneOutliner:1 IsMainWorldOnly:0 FolderPath:Playground FolderGuid:6C02BB504B69D1F3D7A624B130C18E5B
 |   |   |- Guid:8EF6E3C14AA8035CA059B9B5B5A7476B BaseClass: NativeClass:/Script/Engine.StaticMeshActor Name:StaticMeshActor_UAID_18C04D8A981671B401_1838124145 Label:Door SpatiallyLoaded:1 Bounds:IsValid=true, Min=(X=-340.480 Y=750.000 Z=114.116), Max=(X=-299.520 Y=929.920 Z=445.884) RuntimeGrid:None EditorOnly:0 RuntimeOnly:0 HLODRelevant:1 ListedInSceneOutliner:1 IsMainWorldOnly:0 FolderPath:Playground FolderGuid:6C02BB504B69D1F3D7A624B130C18E5B
 |   |   |- Guid:93DFB8CB43519941566D989BA3CBBAD4 BaseClass: NativeClass:/Script/Engine.BlockingVolume Name:BlockingVolume_UAID_18C04D8A9816E3B401_2006241193 Label:BlockingVolume SpatiallyLoaded:1 Bounds:IsValid=true, Min=(X=330.000 Y=1020.000 Z=130.000), Max=(X=370.000 Y=1060.000 Z=218.992) RuntimeGrid:None EditorOnly:0 RuntimeOnly:0 HLODRelevant:0 ListedInSceneOutliner:1 IsMainWorldOnly:0
 |   |   |- Guid:9A75B20848E989761E2089AC4067B5D7 BaseClass: NativeClass:/Script/Engine.StaticMeshActor Name:StaticMeshActor_UAID_18C04D8A9816E4B401_1183050371 Label:Cone Pedestal SpatiallyLoaded:1 Bounds:IsValid=true, Min=(X=328.020 Y=775.524 Z=130.000), Max=(X=371.980 Y=824.476 Z=218.992) RuntimeGrid:None EditorOnly:0 RuntimeOnly:0 HLODRelevant:1 ListedInSceneOutliner:1 IsMainWorldOnly:0 FolderPath:Playground FolderGuid:6C02BB504B69D1F3D7A624B130C18E5B
 |   |   |- Guid:A354B1B24E617A525DC6B48CCDE2417E BaseClass: NativeClass:/Script/Engine.PlayerStart Name:PlayerStart_0 Label:PlayerStart SpatiallyLoaded:0 Bounds:IsValid=true, Min=(X=-200.000 Y=790.000 Z=160.013), Max=(X=-120.000 Y=870.000 Z=344.013) RuntimeGrid:None EditorOnly:0 RuntimeOnly:0 HLODRelevant:0 ListedInSceneOutliner:1 IsMainWorldOnly:0 FolderPath:Playground FolderGuid:6C02BB504B69D1F3D7A624B130C18E5B
 |   |   |- Guid:BF9F1E2348138D64AB0080AF183C4ED9 BaseClass: NativeClass:/Script/Engine.StaticMeshActor Name:StaticMeshActor_UAID_18C04D8A981671B401_1645626144 Label:Room SpatiallyLoaded:1 Bounds:IsValid=true, Min=(X=-323.750 Y=586.087 Z=72.108), Max=(X=403.750 Y=1123.913 Z=411.762) RuntimeGrid:None EditorOnly:0 RuntimeOnly:0 HLODRelevant:1 ListedInSceneOutliner:1 IsMainWorldOnly:0 FolderPath:Playground FolderGuid:6C02BB504B69D1F3D7A624B130C18E5B
 |   |   |- Guid:C0C56B9644AE3D40CAFF6A878DB29844 BaseClass: NativeClass:/Script/Engine.StaticMeshActor Name:StaticMeshActor_UAID_A4AE111137DC5EFB00_2001720423 Label:SM_SkySphere SpatiallyLoaded:0 Bounds:IsValid=true, Min=(X=-1638400.000 Y=-1638400.000 Z=-1638400.000), Max=(X=1638400.000 Y=1638400.000 Z=1638400.000) RuntimeGrid:None EditorOnly:0 RuntimeOnly:0 HLODRelevant:1 ListedInSceneOutliner:1 IsMainWorldOnly:0 FolderPath:Lighting FolderGuid:0BA5F0A04EADB18E70D5B180D08FA34B
 |   |   |- Guid:C22CE07C4B87D685137FDBBC10FC92C6 BaseClass: NativeClass:/Script/Engine.SkyAtmosphere Name:SkyAtmosphere_0 Label:SkyAtmosphere SpatiallyLoaded:0 Bounds:IsValid=true, Min=(X=0.000 Y=0.000 Z=1020.000), Max=(X=0.000 Y=0.000 Z=1020.000) RuntimeGrid:None EditorOnly:0 RuntimeOnly:0 HLODRelevant:0 ListedInSceneOutliner:1 IsMainWorldOnly:0 FolderPath:Lighting FolderGuid:0BA5F0A04EADB18E70D5B180D08FA34B
 |   |   |- Guid:C6F323AF4F453466854966BF02BD881C BaseClass: NativeClass:/Script/Engine.BlockingVolume Name:BlockingVolume_UAID_18C04D8A9816E4B401_1553575375 Label:BlockingVolume SpatiallyLoaded:1 Bounds:IsValid=true, Min=(X=330.000 Y=900.000 Z=130.000), Max=(X=370.000 Y=940.000 Z=220.000) RuntimeGrid:None EditorOnly:0 RuntimeOnly:0 HLODRelevant:0 ListedInSceneOutliner:1 IsMainWorldOnly:0
 |   |   |- Guid:CCF1E28949C8FBFFC87F5FB0A7DA4E0C BaseClass: NativeClass:/Script/Engine.PointLight Name:PointLight_UAID_18C04D8A981671B401_1339091139 Label:PointLight SpatiallyLoaded:1 Bounds:IsValid=true, Min=(X=-889.139 Y=-119.883 Z=-657.149), Max=(X=1110.861 Y=1880.117 Z=1342.851) RuntimeGrid:None EditorOnly:0 RuntimeOnly:0 HLODRelevant:0 ListedInSceneOutliner:1 IsMainWorldOnly:0 FolderPath:Playground FolderGuid:6C02BB504B69D1F3D7A624B130C18E5B
 |   |   |- Guid:DAC5B6614B6CC0D5931CE09575790B81 BaseClass:/Game/Text/Text.Text_C NativeClass:/Script/Engine.Actor Name:Text_C_UAID_18C04D8A981674B401_1512529693 Label:Text SpatiallyLoaded:1 Bounds:IsValid=true, Min=(X=-40.000 Y=598.705 Z=260.478), Max=(X=130.082 Y=598.705 Z=313.907) RuntimeGrid:None EditorOnly:0 RuntimeOnly:0 HLODRelevant:0 ListedInSceneOutliner:1 IsMainWorldOnly:0 Parent:748C9EA644DE4E5D77695EB690BF314E
 |   |   |- Guid:DB710A4442ED05CDE15A1AAFF529FA49 BaseClass: NativeClass:/Script/Engine.BlockingVolume Name:BlockingVolume_UAID_18C04D8A9816E3B401_2003078192 Label:BlockingVolume SpatiallyLoaded:1 Bounds:IsValid=true, Min=(X=330.000 Y=1020.000 Z=130.000), Max=(X=370.000 Y=1060.000 Z=218.992) RuntimeGrid:None EditorOnly:0 RuntimeOnly:0 HLODRelevant:0 ListedInSceneOutliner:1 IsMainWorldOnly:0
 |   |   |- Guid:E406C48B457A62461C2D57B9F5262139 BaseClass: NativeClass:/Script/Engine.StaticMeshActor Name:StaticMeshActor_UAID_18C04D8A9816E4B401_1180389370 Label:Cube Pedestal SpatiallyLoaded:1 Bounds:IsValid=true, Min=(X=328.020 Y=895.524 Z=130.000), Max=(X=371.980 Y=944.476 Z=218.992) RuntimeGrid:None EditorOnly:0 RuntimeOnly:0 HLODRelevant:1 ListedInSceneOutliner:1 IsMainWorldOnly:0 FolderPath:Playground FolderGuid:6C02BB504B69D1F3D7A624B130C18E5B
 |   |   |- Guid:E5320C1B4FD9764CE7B54D8487AEC613 BaseClass: NativeClass:/Script/Engine.SkyLight Name:SkyLight_0 Label:SkyLight SpatiallyLoaded:0 Bounds:IsValid=true, Min=(X=0.000 Y=0.000 Z=690.000), Max=(X=0.000 Y=0.000 Z=690.000) RuntimeGrid:None EditorOnly:0 RuntimeOnly:0 HLODRelevant:0 ListedInSceneOutliner:1 IsMainWorldOnly:0 FolderPath:Lighting FolderGuid:0BA5F0A04EADB18E70D5B180D08FA34B
 |   |   |- Guid:F80621C9446867154938FE81375207DA BaseClass: NativeClass:/Script/Engine.DirectionalLight Name:DirectionalLight_1 Label:DirectionalLight SpatiallyLoaded:0 Bounds:IsValid=true, Min=(X=-1048576.000 Y=-1048576.000 Z=-1048576.000), Max=(X=1048576.000 Y=1048576.000 Z=1048576.000) RuntimeGrid:None EditorOnly:0 RuntimeOnly:0 HLODRelevant:0 ListedInSceneOutliner:1 IsMainWorldOnly:0 FolderPath:Lighting FolderGuid:0BA5F0A04EADB18E70D5B180D08FA34B
 |   |- [+] Clusters:
 |   |   |- [+] [  0]
 |   |   |   |- Guid:063CFA3D45AA7B7BF768FDAECFF509B2 BaseClass: NativeClass:/Script/Engine.BlockingVolume Name:BlockingVolume_UAID_18C04D8A9816E4B401_1560865377 Label:BlockingVolume SpatiallyLoaded:1 Bounds:IsValid=true, Min=(X=330.000 Y=650.000 Z=130.000), Max=(X=370.000 Y=690.000 Z=218.992) RuntimeGrid:None EditorOnly:0 RuntimeOnly:0 HLODRelevant:0 ListedInSceneOutliner:1 IsMainWorldOnly:0
 |   |   |- [+] [  1]
 |   |   |   |- Guid:13595E4D4443905B6E6B26871A4A3108 BaseClass: NativeClass:/Script/Engine.StaticMeshActor Name:StaticMeshActor_UAID_18C04D8A981672B401_1874914333 Label:Sphere Pedestal SpatiallyLoaded:1 Bounds:IsValid=true, Min=(X=328.020 Y=1015.524 Z=130.000), Max=(X=371.980 Y=1064.476 Z=218.992) RuntimeGrid:None EditorOnly:0 RuntimeOnly:0 HLODRelevant:1 ListedInSceneOutliner:1 IsMainWorldOnly:0 FolderPath:Playground FolderGuid:6C02BB504B69D1F3D7A624B130C18E5B
 |   |   |- [+] [  2]
 |   |   |   |- Guid:17C027AA4E6AF9E843251DBB8A8D3C6B BaseClass: NativeClass:/Script/Engine.BlockingVolume Name:BlockingVolume_UAID_18C04D8A9816E4B401_1562528378 Label:BlockingVolume SpatiallyLoaded:1 Bounds:IsValid=true, Min=(X=330.000 Y=650.000 Z=130.000), Max=(X=370.000 Y=690.000 Z=220.000) RuntimeGrid:None EditorOnly:0 RuntimeOnly:0 HLODRelevant:0 ListedInSceneOutliner:1 IsMainWorldOnly:0
 |   |   |- [+] [  3]
 |   |   |   |- Guid:1898651C46062DEDD75C06AAF4F9DB48 BaseClass: NativeClass:/Script/Engine.BlockingVolume Name:BlockingVolume_UAID_18C04D8A9816E4B401_1575097380 Label:BlockingVolume SpatiallyLoaded:1 Bounds:IsValid=true, Min=(X=-280.000 Y=640.000 Z=130.000), Max=(X=-240.000 Y=680.000 Z=220.000) RuntimeGrid:None EditorOnly:0 RuntimeOnly:0 HLODRelevant:0 ListedInSceneOutliner:1 IsMainWorldOnly:0
 |   |   |- [+] [  4]
 |   |   |   |- Guid:4A94689E4560DE293E0887BB68E55AE8 BaseClass: NativeClass:/Script/Engine.BlockingVolume Name:BlockingVolume_UAID_18C04D8A9816E4B401_1571914379 Label:BlockingVolume SpatiallyLoaded:1 Bounds:IsValid=true, Min=(X=-280.000 Y=1020.000 Z=130.000), Max=(X=-240.000 Y=1060.000 Z=220.000) RuntimeGrid:None EditorOnly:0 RuntimeOnly:0 HLODRelevant:0 ListedInSceneOutliner:1 IsMainWorldOnly:0
 |   |   |- [+] [  5]
 |   |   |   |- Guid:53ADCDB44C8FB97F832676B8DAE19862 BaseClass: NativeClass:/Script/Engine.StaticMeshActor Name:StaticMeshActor_UAID_18C04D8A9816E4B401_1213511374 Label:Pedestal for Sphere SpatiallyLoaded:1 Bounds:IsValid=true, Min=(X=-281.980 Y=635.524 Z=130.000), Max=(X=-238.020 Y=684.476 Z=218.992) RuntimeGrid:None EditorOnly:0 RuntimeOnly:0 HLODRelevant:1 ListedInSceneOutliner:1 IsMainWorldOnly:0 FolderPath:Playground FolderGuid:6C02BB504B69D1F3D7A624B130C18E5B
 |   |   |- [+] [  6]
 |   |   |   |- Guid:5FE7584649BB6F09265329A6C57CFD0D BaseClass: NativeClass:/Script/Engine.VolumetricCloud Name:VolumetricCloud_0 Label:VolumetricCloud SpatiallyLoaded:0 Bounds:IsValid=true, Min=(X=0.000 Y=0.000 Z=820.000), Max=(X=0.000 Y=0.000 Z=820.000) RuntimeGrid:None EditorOnly:0 RuntimeOnly:0 HLODRelevant:0 ListedInSceneOutliner:1 IsMainWorldOnly:0 FolderPath:Lighting FolderGuid:0BA5F0A04EADB18E70D5B180D08FA34B
 |   |   |- [+] [  7]
 |   |   |   |- Guid:61391D344900612A77DFC3BA3E354907 BaseClass: NativeClass:/Script/Engine.ExponentialHeightFog Name:ExponentialHeightFog_0 Label:ExponentialHeightFog SpatiallyLoaded:0 Bounds:IsValid=true, Min=(X=-5600.000 Y=-50.000 Z=-6850.000), Max=(X=-5600.000 Y=-50.000 Z=-6850.000) RuntimeGrid:None EditorOnly:0 RuntimeOnly:0 HLODRelevant:0 ListedInSceneOutliner:1 IsMainWorldOnly:0 FolderPath:Lighting FolderGuid:0BA5F0A04EADB18E70D5B180D08FA34B
 |   |   |- [+] [  8]
 |   |   |   |- Guid:61CE2B024BC2BE909BA999A58F721786 BaseClass: NativeClass:/Script/Engine.StaticMeshActor Name:StaticMeshActor_UAID_18C04D8A9816E4B401_1185680372 Label:Donut Pedestal SpatiallyLoaded:1 Bounds:IsValid=true, Min=(X=328.020 Y=645.524 Z=130.000), Max=(X=371.980 Y=694.476 Z=218.992) RuntimeGrid:None EditorOnly:0 RuntimeOnly:0 HLODRelevant:1 ListedInSceneOutliner:1 IsMainWorldOnly:0 FolderPath:Playground FolderGuid:6C02BB504B69D1F3D7A624B130C18E5B
 |   |   |- [+] [  9]
 |   |   |   |- Guid:6352B6734BD4DA669679D7A985C5346B BaseClass: NativeClass:/Script/Engine.BlockingVolume Name:BlockingVolume_UAID_18C04D8A9816E4B401_1557116376 Label:BlockingVolume SpatiallyLoaded:1 Bounds:IsValid=true, Min=(X=330.000 Y=780.000 Z=130.000), Max=(X=370.000 Y=820.000 Z=220.000) RuntimeGrid:None EditorOnly:0 RuntimeOnly:0 HLODRelevant:0 ListedInSceneOutliner:1 IsMainWorldOnly:0
 |   |   |- [+] [ 10]
 |   |   |   |- Guid:6B464A5148C73F50927C9ABDC2E0FFA7 BaseClass: NativeClass:/Script/Engine.StaticMeshActor Name:StaticMeshActor_UAID_18C04D8A9816E2B401_1730897015 Label:Sphere SpatiallyLoaded:1 Bounds:IsValid=true, Min=(X=340.000 Y=1028.000 Z=230.000), Max=(X=360.000 Y=1048.000 Z=250.000) RuntimeGrid:None EditorOnly:0 RuntimeOnly:0 HLODRelevant:0 ListedInSceneOutliner:1 IsMainWorldOnly:0
 |   |   |- [+] [ 11]
 |   |   |   |- Guid:6FEFB3BD4EB37B849EF0D4AC80F83855 BaseClass: NativeClass:/Script/Engine.WorldDataLayers Name:WorldDataLayers Label:WorldDataLayers SpatiallyLoaded:0 Bounds:Invalid RuntimeGrid:None EditorOnly:0 RuntimeOnly:0 HLODRelevant:0 ListedInSceneOutliner:1 IsMainWorldOnly:1 FolderPath:Playground FolderGuid:6C02BB504B69D1F3D7A624B130C18E5B
 |   |   |- [+] [ 12]
 |   |   |   |- Guid:748C9EA644DE4E5D77695EB690BF314E BaseClass: NativeClass:/Script/Engine.StaticMeshActor Name:StaticMeshActor_UAID_18C04D8A9816C0B401_1073757032 Label:Merge_Merge SpatiallyLoaded:1 Bounds:IsValid=true, Min=(X=-58.580 Y=593.138 Z=225.955), Max=(X=140.580 Y=598.862 Z=334.045) RuntimeGrid:None EditorOnly:0 RuntimeOnly:0 HLODRelevant:1 ListedInSceneOutliner:1 IsMainWorldOnly:0
 |   |   |   |- Guid:DAC5B6614B6CC0D5931CE09575790B81 BaseClass:/Game/Text/Text.Text_C NativeClass:/Script/Engine.Actor Name:Text_C_UAID_18C04D8A981674B401_1512529693 Label:Text SpatiallyLoaded:1 Bounds:IsValid=true, Min=(X=-40.000 Y=598.705 Z=260.478), Max=(X=130.082 Y=598.705 Z=313.907) RuntimeGrid:None EditorOnly:0 RuntimeOnly:0 HLODRelevant:0 ListedInSceneOutliner:1 IsMainWorldOnly:0 Parent:748C9EA644DE4E5D77695EB690BF314E
 |   |   |- [+] [ 13]
 |   |   |   |- Guid:8262473A418BB5893E7492B4A21BA1FA BaseClass: NativeClass:/Script/Engine.StaticMeshActor Name:StaticMeshActor_UAID_18C04D8A9816E4B401_1201444373 Label:Donut's Pedestal5 SpatiallyLoaded:1 Bounds:IsValid=true, Min=(X=-281.980 Y=1015.524 Z=130.000), Max=(X=-238.020 Y=1064.476 Z=218.992) RuntimeGrid:None EditorOnly:0 RuntimeOnly:0 HLODRelevant:1 ListedInSceneOutliner:1 IsMainWorldOnly:0 FolderPath:Playground FolderGuid:6C02BB504B69D1F3D7A624B130C18E5B
 |   |   |- [+] [ 14]
 |   |   |   |- Guid:8EF6E3C14AA8035CA059B9B5B5A7476B BaseClass: NativeClass:/Script/Engine.StaticMeshActor Name:StaticMeshActor_UAID_18C04D8A981671B401_1838124145 Label:Door SpatiallyLoaded:1 Bounds:IsValid=true, Min=(X=-340.480 Y=750.000 Z=114.116), Max=(X=-299.520 Y=929.920 Z=445.884) RuntimeGrid:None EditorOnly:0 RuntimeOnly:0 HLODRelevant:1 ListedInSceneOutliner:1 IsMainWorldOnly:0 FolderPath:Playground FolderGuid:6C02BB504B69D1F3D7A624B130C18E5B
 |   |   |- [+] [ 15]
 |   |   |   |- Guid:93DFB8CB43519941566D989BA3CBBAD4 BaseClass: NativeClass:/Script/Engine.BlockingVolume Name:BlockingVolume_UAID_18C04D8A9816E3B401_2006241193 Label:BlockingVolume SpatiallyLoaded:1 Bounds:IsValid=true, Min=(X=330.000 Y=1020.000 Z=130.000), Max=(X=370.000 Y=1060.000 Z=218.992) RuntimeGrid:None EditorOnly:0 RuntimeOnly:0 HLODRelevant:0 ListedInSceneOutliner:1 IsMainWorldOnly:0
 |   |   |- [+] [ 16]
 |   |   |   |- Guid:9A75B20848E989761E2089AC4067B5D7 BaseClass: NativeClass:/Script/Engine.StaticMeshActor Name:StaticMeshActor_UAID_18C04D8A9816E4B401_1183050371 Label:Cone Pedestal SpatiallyLoaded:1 Bounds:IsValid=true, Min=(X=328.020 Y=775.524 Z=130.000), Max=(X=371.980 Y=824.476 Z=218.992) RuntimeGrid:None EditorOnly:0 RuntimeOnly:0 HLODRelevant:1 ListedInSceneOutliner:1 IsMainWorldOnly:0 FolderPath:Playground FolderGuid:6C02BB504B69D1F3D7A624B130C18E5B
 |   |   |- [+] [ 17]
 |   |   |   |- Guid:A354B1B24E617A525DC6B48CCDE2417E BaseClass: NativeClass:/Script/Engine.PlayerStart Name:PlayerStart_0 Label:PlayerStart SpatiallyLoaded:0 Bounds:IsValid=true, Min=(X=-200.000 Y=790.000 Z=160.013), Max=(X=-120.000 Y=870.000 Z=344.013) RuntimeGrid:None EditorOnly:0 RuntimeOnly:0 HLODRelevant:0 ListedInSceneOutliner:1 IsMainWorldOnly:0 FolderPath:Playground FolderGuid:6C02BB504B69D1F3D7A624B130C18E5B
 |   |   |- [+] [ 18]
 |   |   |   |- Guid:BF9F1E2348138D64AB0080AF183C4ED9 BaseClass: NativeClass:/Script/Engine.StaticMeshActor Name:StaticMeshActor_UAID_18C04D8A981671B401_1645626144 Label:Room SpatiallyLoaded:1 Bounds:IsValid=true, Min=(X=-323.750 Y=586.087 Z=72.108), Max=(X=403.750 Y=1123.913 Z=411.762) RuntimeGrid:None EditorOnly:0 RuntimeOnly:0 HLODRelevant:1 ListedInSceneOutliner:1 IsMainWorldOnly:0 FolderPath:Playground FolderGuid:6C02BB504B69D1F3D7A624B130C18E5B
 |   |   |- [+] [ 19]
 |   |   |   |- Guid:C0C56B9644AE3D40CAFF6A878DB29844 BaseClass: NativeClass:/Script/Engine.StaticMeshActor Name:StaticMeshActor_UAID_A4AE111137DC5EFB00_2001720423 Label:SM_SkySphere SpatiallyLoaded:0 Bounds:IsValid=true, Min=(X=-1638400.000 Y=-1638400.000 Z=-1638400.000), Max=(X=1638400.000 Y=1638400.000 Z=1638400.000) RuntimeGrid:None EditorOnly:0 RuntimeOnly:0 HLODRelevant:1 ListedInSceneOutliner:1 IsMainWorldOnly:0 FolderPath:Lighting FolderGuid:0BA5F0A04EADB18E70D5B180D08FA34B
 |   |   |- [+] [ 20]
 |   |   |   |- Guid:C22CE07C4B87D685137FDBBC10FC92C6 BaseClass: NativeClass:/Script/Engine.SkyAtmosphere Name:SkyAtmosphere_0 Label:SkyAtmosphere SpatiallyLoaded:0 Bounds:IsValid=true, Min=(X=0.000 Y=0.000 Z=1020.000), Max=(X=0.000 Y=0.000 Z=1020.000) RuntimeGrid:None EditorOnly:0 RuntimeOnly:0 HLODRelevant:0 ListedInSceneOutliner:1 IsMainWorldOnly:0 FolderPath:Lighting FolderGuid:0BA5F0A04EADB18E70D5B180D08FA34B
 |   |   |- [+] [ 21]
 |   |   |   |- Guid:C6F323AF4F453466854966BF02BD881C BaseClass: NativeClass:/Script/Engine.BlockingVolume Name:BlockingVolume_UAID_18C04D8A9816E4B401_1553575375 Label:BlockingVolume SpatiallyLoaded:1 Bounds:IsValid=true, Min=(X=330.000 Y=900.000 Z=130.000), Max=(X=370.000 Y=940.000 Z=220.000) RuntimeGrid:None EditorOnly:0 RuntimeOnly:0 HLODRelevant:0 ListedInSceneOutliner:1 IsMainWorldOnly:0
 |   |   |- [+] [ 22]
 |   |   |   |- Guid:CCF1E28949C8FBFFC87F5FB0A7DA4E0C BaseClass: NativeClass:/Script/Engine.PointLight Name:PointLight_UAID_18C04D8A981671B401_1339091139 Label:PointLight SpatiallyLoaded:1 Bounds:IsValid=true, Min=(X=-889.139 Y=-119.883 Z=-657.149), Max=(X=1110.861 Y=1880.117 Z=1342.851) RuntimeGrid:None EditorOnly:0 RuntimeOnly:0 HLODRelevant:0 ListedInSceneOutliner:1 IsMainWorldOnly:0 FolderPath:Playground FolderGuid:6C02BB504B69D1F3D7A624B130C18E5B
 |   |   |- [+] [ 23]
 |   |   |   |- Guid:DB710A4442ED05CDE15A1AAFF529FA49 BaseClass: NativeClass:/Script/Engine.BlockingVolume Name:BlockingVolume_UAID_18C04D8A9816E3B401_2003078192 Label:BlockingVolume SpatiallyLoaded:1 Bounds:IsValid=true, Min=(X=330.000 Y=1020.000 Z=130.000), Max=(X=370.000 Y=1060.000 Z=218.992) RuntimeGrid:None EditorOnly:0 RuntimeOnly:0 HLODRelevant:0 ListedInSceneOutliner:1 IsMainWorldOnly:0
 |   |   |- [+] [ 24]
 |   |   |   |- Guid:E406C48B457A62461C2D57B9F5262139 BaseClass: NativeClass:/Script/Engine.StaticMeshActor Name:StaticMeshActor_UAID_18C04D8A9816E4B401_1180389370 Label:Cube Pedestal SpatiallyLoaded:1 Bounds:IsValid=true, Min=(X=328.020 Y=895.524 Z=130.000), Max=(X=371.980 Y=944.476 Z=218.992) RuntimeGrid:None EditorOnly:0 RuntimeOnly:0 HLODRelevant:1 ListedInSceneOutliner:1 IsMainWorldOnly:0 FolderPath:Playground FolderGuid:6C02BB504B69D1F3D7A624B130C18E5B
 |   |   |- [+] [ 25]
 |   |   |   |- Guid:E5320C1B4FD9764CE7B54D8487AEC613 BaseClass: NativeClass:/Script/Engine.SkyLight Name:SkyLight_0 Label:SkyLight SpatiallyLoaded:0 Bounds:IsValid=true, Min=(X=0.000 Y=0.000 Z=690.000), Max=(X=0.000 Y=0.000 Z=690.000) RuntimeGrid:None EditorOnly:0 RuntimeOnly:0 HLODRelevant:0 ListedInSceneOutliner:1 IsMainWorldOnly:0 FolderPath:Lighting FolderGuid:0BA5F0A04EADB18E70D5B180D08FA34B
 |   |   |- [+] [ 26]
 |   |   |   |- Guid:F80621C9446867154938FE81375207DA BaseClass: NativeClass:/Script/Engine.DirectionalLight Name:DirectionalLight_1 Label:DirectionalLight SpatiallyLoaded:0 Bounds:IsValid=true, Min=(X=-1048576.000 Y=-1048576.000 Z=-1048576.000), Max=(X=1048576.000 Y=1048576.000 Z=1048576.000) RuntimeGrid:None EditorOnly:0 RuntimeOnly:0 HLODRelevant:0 ListedInSceneOutliner:1 IsMainWorldOnly:0 FolderPath:Lighting FolderGuid:0BA5F0A04EADB18E70D5B180D08FA34B
 |- ContainerInstances:
 |- [+] MainContainer:
 |   |-        ID: 00000000000000000000000000000000
 |   |-  ParentID: 00000000000000000000000000000000
 |   |-    Bounds: IsValid=false, Min=(X=0.000 Y=0.000 Z=0.000), Max=(X=0.000 Y=0.000 Z=0.000)
 |   |- Transform: 0.000000,0.000000,0.000000|0.000000,0.000000,-0.000000|1.000000,1.000000,1.000000
 |   |- Container: /Game/FirstPerson/Maps/FirstPersonMap
----------------------------------------------------------------------------------------------------------------
FirstPersonMap - Persistent Level
----------------------------------------------------------------------------------------------------------------
[+] Content of FirstPersonMap Persistent Level
 |- Always loaded Actor Count: 35 
 |- Actor Path: /Game/FirstPerson/Maps/FirstPersonMap.FirstPersonMap:PersistentLevel.AbstractNavData-Default
 |- Actor Package: /Game/FirstPerson/Maps/FirstPersonMap
 |- Actor Path: /Game/FirstPerson/Maps/FirstPersonMap.FirstPersonMap:PersistentLevel.BlockingVolume_UAID_18C04D8A9816E3B401_2003078192
 |- Actor Package: /Game/__ExternalActors__/FirstPerson/Maps/FirstPersonMap/D/9W/U5WMLYV7GOBTFXUF5XVF6X
 |- Actor Path: /Game/FirstPerson/Maps/FirstPersonMap.FirstPersonMap:PersistentLevel.BlockingVolume_UAID_18C04D8A9816E3B401_2006241193
 |- Actor Package: /Game/__ExternalActors__/FirstPerson/Maps/FirstPersonMap/7/8I/0EXFBHI8UP0QEDR5D9CGTI
 |- Actor Path: /Game/FirstPerson/Maps/FirstPersonMap.FirstPersonMap:PersistentLevel.BlockingVolume_UAID_18C04D8A9816E4B401_1553575375
 |- Actor Package: /Game/__ExternalActors__/FirstPerson/Maps/FirstPersonMap/B/6V/CUMUO3IDSFW1QW4QSM9O9V
 |- Actor Path: /Game/FirstPerson/Maps/FirstPersonMap.FirstPersonMap:PersistentLevel.BlockingVolume_UAID_18C04D8A9816E4B401_1557116376
 |- Actor Package: /Game/__ExternalActors__/FirstPerson/Maps/FirstPersonMap/3/0I/961U7QUDB25M9DFHN8P9BH
 |- Actor Path: /Game/FirstPerson/Maps/FirstPersonMap.FirstPersonMap:PersistentLevel.BlockingVolume_UAID_18C04D8A9816E4B401_1560865377
 |- Actor Package: /Game/__ExternalActors__/FirstPerson/Maps/FirstPersonMap/0/4F/YP0ZS1OD2D8AKBP78MNSK4
 |- Actor Path: /Game/FirstPerson/Maps/FirstPersonMap.FirstPersonMap:PersistentLevel.BlockingVolume_UAID_18C04D8A9816E4B401_1562528378
 |- Actor Package: /Game/__ExternalActors__/FirstPerson/Maps/FirstPersonMap/C/69/D79E2P29F5MWVKUIDIPFOB
 |- Actor Path: /Game/FirstPerson/Maps/FirstPersonMap.FirstPersonMap:PersistentLevel.BlockingVolume_UAID_18C04D8A9816E4B401_1571914379
 |- Actor Package: /Game/__ExternalActors__/FirstPerson/Maps/FirstPersonMap/5/NR/XF5U60VEMR9X9HL6CPD6PM
 |- Actor Path: /Game/FirstPerson/Maps/FirstPersonMap.FirstPersonMap:PersistentLevel.BlockingVolume_UAID_18C04D8A9816E4B401_1575097380
 |- Actor Package: /Game/__ExternalActors__/FirstPerson/Maps/FirstPersonMap/9/K4/XDEV989LR6YQ45X7K9I9YQ
 |- Actor Path: /Game/FirstPerson/Maps/FirstPersonMap.FirstPersonMap:PersistentLevel.Brush_0
 |- Actor Package: /Game/FirstPerson/Maps/FirstPersonMap
 |- Actor Path: /Game/FirstPerson/Maps/FirstPersonMap.FirstPersonMap:PersistentLevel.DefaultPhysicsVolume_0
 |- Actor Package: /Game/FirstPerson/Maps/FirstPersonMap
 |- Actor Path: /Game/FirstPerson/Maps/FirstPersonMap.FirstPersonMap:PersistentLevel.DirectionalLight_1
 |- Actor Package: /Game/__ExternalActors__/FirstPerson/Maps/FirstPersonMap/0/WB/V4ALNTJYOVWM8BU452CKV5
 |- Actor Path: /Game/FirstPerson/Maps/FirstPersonMap.FirstPersonMap:PersistentLevel.ExponentialHeightFog_0
 |- Actor Package: /Game/__ExternalActors__/FirstPerson/Maps/FirstPersonMap/0/CL/381LM03PFI8AF9NED1SEV2
 |- Actor Path: /Game/FirstPerson/Maps/FirstPersonMap.FirstPersonMap:PersistentLevel.FirstPersonExampleMap_C_1
 |- Actor Package: /Game/FirstPerson/Maps/FirstPersonMap
 |- Actor Path: /Game/FirstPerson/Maps/FirstPersonMap.FirstPersonMap:PersistentLevel.GameplayDebuggerPlayerManager_0
 |- Actor Package: /Game/FirstPerson/Maps/FirstPersonMap
 |- Actor Path: /Game/FirstPerson/Maps/FirstPersonMap.FirstPersonMap:PersistentLevel.PlayerStart_0
 |- Actor Package: /Game/__ExternalActors__/FirstPerson/Maps/FirstPersonMap/8/Z7/W1SXRCM1KAKBJOIZDLHZ47
 |- Actor Path: /Game/FirstPerson/Maps/FirstPersonMap.FirstPersonMap:PersistentLevel.PointLight_UAID_18C04D8A981671B401_1339091139
 |- Actor Package: /Game/__ExternalActors__/FirstPerson/Maps/FirstPersonMap/2/U6/S8VKXES08VQETVYF88CRQP
 |- Actor Path: /Game/FirstPerson/Maps/FirstPersonMap.FirstPersonMap:PersistentLevel.SkyAtmosphere_0
 |- Actor Package: /Game/__ExternalActors__/FirstPerson/Maps/FirstPersonMap/C/VO/VMN4G7K3NKKV6F8HTPHHDB
 |- Actor Path: /Game/FirstPerson/Maps/FirstPersonMap.FirstPersonMap:PersistentLevel.SkyLight_0
 |- Actor Package: /Game/__ExternalActors__/FirstPerson/Maps/FirstPersonMap/6/0Z/5RQIHCZ9W3UXRGL4LTLQAK
 |- Actor Path: /Game/FirstPerson/Maps/FirstPersonMap.FirstPersonMap:PersistentLevel.StaticMeshActor_UAID_18C04D8A981671B401_1645626144
 |- Actor Package: /Game/__ExternalActors__/FirstPerson/Maps/FirstPersonMap/A/Y2/5F6DFRNUCIXCADZTMYJS5Z
 |- Actor Path: /Game/FirstPerson/Maps/FirstPersonMap.FirstPersonMap:PersistentLevel.StaticMeshActor_UAID_18C04D8A981671B401_1838124145
 |- Actor Package: /Game/__ExternalActors__/FirstPerson/Maps/FirstPersonMap/8/N7/YJACBA45J7TBN8E7C2ED17
 |- Actor Path: /Game/FirstPerson/Maps/FirstPersonMap.FirstPersonMap:PersistentLevel.StaticMeshActor_UAID_18C04D8A981672B401_1874914333
 |- Actor Package: /Game/__ExternalActors__/FirstPerson/Maps/FirstPersonMap/1/WD/UUNV6ZRQMWMO44J4WIX8FZ
 |- Actor Path: /Game/FirstPerson/Maps/FirstPersonMap.FirstPersonMap:PersistentLevel.StaticMeshActor_UAID_18C04D8A9816C0B401_1073757032
 |- Actor Package: /Game/__ExternalActors__/FirstPerson/Maps/FirstPersonMap/7/8U/V732EGVGDQ9U2V188C5CQT
 |- Actor Path: /Game/FirstPerson/Maps/FirstPersonMap.FirstPersonMap:PersistentLevel.StaticMeshActor_UAID_18C04D8A9816E2B401_1730897015
 |- Actor Package: /Game/__ExternalActors__/FirstPerson/Maps/FirstPersonMap/C/3H/F1NKY6IONQBBZ633PKQ7H6
 |- Actor Path: /Game/FirstPerson/Maps/FirstPersonMap.FirstPersonMap:PersistentLevel.StaticMeshActor_UAID_18C04D8A9816E4B401_1180389370
 |- Actor Package: /Game/__ExternalActors__/FirstPerson/Maps/FirstPersonMap/5/MV/V65THDG1HXRGRFDHHDHVWA
 |- Actor Path: /Game/FirstPerson/Maps/FirstPersonMap.FirstPersonMap:PersistentLevel.StaticMeshActor_UAID_18C04D8A9816E4B401_1183050371
 |- Actor Package: /Game/__ExternalActors__/FirstPerson/Maps/FirstPersonMap/B/IZ/ZOGFMS8VGDRLQ8XZR01XR0
 |- Actor Path: /Game/FirstPerson/Maps/FirstPersonMap.FirstPersonMap:PersistentLevel.StaticMeshActor_UAID_18C04D8A9816E4B401_1185680372
 |- Actor Package: /Game/__ExternalActors__/FirstPerson/Maps/FirstPersonMap/E/AC/GH8F1AHE898XWLMCDMVC3K
 |- Actor Path: /Game/FirstPerson/Maps/FirstPersonMap.FirstPersonMap:PersistentLevel.StaticMeshActor_UAID_18C04D8A9816E4B401_1201444373
 |- Actor Package: /Game/__ExternalActors__/FirstPerson/Maps/FirstPersonMap/A/MG/XUKH5MJ7506M0MDPZGBEK1
 |- Actor Path: /Game/FirstPerson/Maps/FirstPersonMap.FirstPersonMap:PersistentLevel.StaticMeshActor_UAID_18C04D8A9816E4B401_1213511374
 |- Actor Package: /Game/__ExternalActors__/FirstPerson/Maps/FirstPersonMap/3/OH/97R6M77XXI9XUZTI1I1FBK
 |- Actor Path: /Game/FirstPerson/Maps/FirstPersonMap.FirstPersonMap:PersistentLevel.StaticMeshActor_UAID_A4AE111137DC5EFB00_2001720423
 |- Actor Package: /Game/__ExternalActors__/FirstPerson/Maps/FirstPersonMap/C/ZU/PDQ0AB8RLNMVID876FD49G
 |- Actor Path: /Game/FirstPerson/Maps/FirstPersonMap.FirstPersonMap:PersistentLevel.Text_C_UAID_18C04D8A981674B401_1512529693
 |- Actor Package: /Game/__ExternalActors__/FirstPerson/Maps/FirstPersonMap/6/4U/RPFL19CCVZ8MG9SVEM5MNH
 |- Actor Path: /Game/FirstPerson/Maps/FirstPersonMap.FirstPersonMap:PersistentLevel.VolumetricCloud_0
 |- Actor Package: /Game/__ExternalActors__/FirstPerson/Maps/FirstPersonMap/0/GO/I8WEFD3RY9V3NVQLSU6QM4
 |- Actor Path: /Game/FirstPerson/Maps/FirstPersonMap.FirstPersonMap:PersistentLevel.WorldDataLayers
 |- Actor Package: /Game/__ExternalActors__/FirstPerson/Maps/FirstPersonMap/D/0W/E1FKEGVKGOLM7HGLQPCIPO
 |- Actor Path: /Game/FirstPerson/Maps/FirstPersonMap.FirstPersonMap:PersistentLevel.WorldInfo_0
 |- Actor Package: /Game/FirstPerson/Maps/FirstPersonMap
 |- Actor Path: /Game/FirstPerson/Maps/FirstPersonMap.FirstPersonMap:PersistentLevel.WorldPartitionMiniMap_0
 |- Actor Package: /Game/__ExternalActors__/FirstPerson/Maps/FirstPersonMap/4/CR/SRVPLA8UNZ8XIIP0E036DI

----------------------------------------------------------------------------------------------------------------
FirstPersonMap - Runtime Spatial Hash - Streaming Grid - MainGrid
----------------------------------------------------------------------------------------------------------------
            Origin: X=0.000 Y=0.000 Z=0.000
         Cell Size: 12800
      World Bounds: IsValid=false, Min=(X=0.000 Y=0.000 Z=0.000), Max=(X=0.000 Y=0.000 Z=0.000)
     Loading Range: 25600.00
Block Slow Loading: No
 ClientOnlyVisible: No
            Origin: X=0.000 Y=0.000 Z=0.000

[+] Grid Levels: 1
 |- Level  0: Cell Count    0 | Cell Size   12800 | Actor Count    0 (0.0%)

[+] Content of Grid Level 0

